<?xml version="1.0" encoding="UTF-8"?>
<testsuite xmlns:xsi="http://www.w3.org/2001/XMLSchema-instance" xsi:noNamespaceSchemaLocation="https://maven.apache.org/surefire/maven-surefire-plugin/xsd/surefire-test-report-3.0.xsd" version="3.0" name="com.demo.usermanagement.controller.UserControllerValidationIT" time="14.301" tests="10" errors="0" skipped="0" failures="0">
  <properties>
[...]
</properties>
  <testcase name="updateUser_withNonExistentId_returns404WithErrorBody" classname="com.demo.usermanagement.controller.UserControllerValidationIT" time="1.762">
    <system-out><![CDATA[05:22:26.220 [main] INFO org.springframework.test.context.support.AnnotationConfigContextLoaderUtils -- Could not detect default configuration classes for test class [com.demo.usermanagement.controller.UserControllerValidationIT]: UserControllerValidationIT does not declare any static, non-private, non-final, nested classes annotated with @Configuration.
05:22:26.352 [main] INFO org.springframework.boot.test.context.SpringBootTestContextBootstrapper -- Found @SpringBootConfiguration com.demo.usermanagement.UserManagementApplication for test class com.demo.usermanagement.controller.UserControllerValidationIT

  .   ____          _            __ _ _
 /\\ / ___'_ __ _ _(_)_ __  __ _ \ \ \ \
( ( )\___ | '_ | '_| | '_ \/ _` | \ \ \ \
 \\/  ___)| |_)| | | | | || (_| |  ) ) ) )
  '  |____| .__|_| |_|_| |_\__, | / / / /
 =========|_|==============|___/=/_/_/_/
 :: Spring Boot ::                (v3.2.5)

2026-05-05 05:22:26 INFO  [main] c.d.u.c.UserControllerValidationIT - Starting UserControllerValidationIT using Java 17.0.18 with PID 5757 (started by runner in /home/runner/work/demowebapp1121/demowebapp1121)
2026-05-05 05:22:26 DEBUG [main] c.d.u.c.UserControllerValidationIT - Running with Spring Boot v3.2.5, Spring v6.1.6
2026-05-05 05:22:26 INFO  [main] c.d.u.c.UserControllerValidationIT - No active profile set, falling back to 1 default profile: "default"
2026-05-05 05:22:27 INFO  [main] o.s.d.r.c.RepositoryConfigurationDelegate - Bootstrapping Spring Data JPA repositories in DEFAULT mode.
2026-05-05 05:22:27 INFO  [main] o.s.d.r.c.RepositoryConfigurationDelegate - Finished Spring Data repository scanning in 37 ms. Found 1 JPA repository interface.
2026-05-05 05:22:28 INFO  [main] o.h.jpa.internal.util.LogHelper - HHH000204: Processing PersistenceUnitInfo [name: default]
2026-05-05 05:22:28 INFO  [main] org.hibernate.Version - HHH000412: Hibernate ORM core version 6.4.4.Final
2026-05-05 05:22:28 INFO  [main] o.h.c.i.RegionFactoryInitiator - HHH000026: Second-level cache disabled
2026-05-05 05:22:28 INFO  [main] o.s.o.j.p.SpringPersistenceUnitInfo - No LoadTimeWeaver setup: ignoring JPA class transformer
2026-05-05 05:22:28 INFO  [main] com.zaxxer.hikari.HikariDataSource - HikariPool-1 - Starting...
2026-05-05 05:22:28 INFO  [main] com.zaxxer.hikari.pool.HikariPool - HikariPool-1 - Added connection conn0: url=jdbc:h2:mem:userdb user=SA
2026-05-05 05:22:28 INFO  [main] com.zaxxer.hikari.HikariDataSource - HikariPool-1 - Start completed.
2026-05-05 05:22:28 WARN  [main] org.hibernate.orm.deprecation - HHH90000025: H2Dialect does not need to be specified explicitly using 'hibernate.dialect' (remove the property setting and it will be selected by default)
2026-05-05 05:22:29 INFO  [main] o.h.e.t.j.p.i.JtaPlatformInitiator - HHH000489: No JTA platform available (set 'hibernate.transaction.jta.platform' to enable JTA platform integration)
2026-05-05 05:22:29 DEBUG [main] org.hibernate.SQL - 
    drop table if exists users cascade 
Hibernate: 
    drop table if exists users cascade 
2026-05-05 05:22:29 DEBUG [main] org.hibernate.SQL - 
    create table users (
        id bigint generated by default as identity,
        name varchar(100) not null,
        email varchar(255) not null unique,
        password varchar(255) not null,
        role varchar(255) not null,
        primary key (id)
    )
Hibernate: 
    create table users (
        id bigint generated by default as identity,
        name varchar(100) not null,
        email varchar(255) not null unique,
        password varchar(255) not null,
        role varchar(255) not null,
        primary key (id)
    )
2026-05-05 05:22:29 INFO  [main] o.s.o.j.LocalContainerEntityManagerFactoryBean - Initialized JPA EntityManagerFactory for persistence unit 'default'
2026-05-05 05:22:29 INFO  [main] o.s.d.j.r.query.QueryEnhancerFactory - Hibernate is in classpath; If applicable, HQL parser will be used.
2026-05-05 05:22:30 WARN  [main] o.s.b.a.o.j.JpaBaseConfiguration$JpaWebConfiguration - spring.jpa.open-in-view is enabled by default. Therefore, database queries may be performed during view rendering. Explicitly configure spring.jpa.open-in-view to disable this warning
2026-05-05 05:22:30 WARN  [main] c.d.u.config.SecurityConfig - Loaded hardcoded in-memory users: admin/admin123, user/password. FOR DEMO ONLY.
2026-05-05 05:22:30 INFO  [main] o.s.b.a.e.web.EndpointLinksResolver - Exposing 13 endpoint(s) beneath base path '/actuator'
2026-05-05 05:22:30 WARN  [main] c.d.u.config.SecurityConfig - INSECURE SecurityConfig loaded - CSRF disabled, all endpoints open. FOR DEMO ONLY.
2026-05-05 05:22:30 INFO  [main] o.s.s.web.DefaultSecurityFilterChain - Will secure any request with [org.springframework.security.web.session.DisableEncodeUrlFilter@676f70dc, org.springframework.security.web.context.request.async.WebAsyncManagerIntegrationFilter@2591477f, org.springframework.security.web.context.SecurityContextHolderFilter@13c36d48, org.springframework.security.web.header.HeaderWriterFilter@119de68f, org.springframework.web.filter.CorsFilter@761d3c20, org.springframework.security.web.authentication.logout.LogoutFilter@24c94e95, org.springframework.security.web.authentication.www.BasicAuthenticationFilter@1150b923, org.springframework.security.web.savedrequest.RequestCacheAwareFilter@1ed763aa, org.springframework.security.web.servletapi.SecurityContextHolderAwareRequestFilter@25192b6e, org.springframework.security.web.authentication.AnonymousAuthenticationFilter@172f2717, org.springframework.security.web.access.ExceptionTranslationFilter@2d036335, org.springframework.security.web.access.intercept.AuthorizationFilter@6829b897]
2026-05-05 05:22:31 INFO  [main] o.s.b.a.h.H2ConsoleAutoConfiguration - H2 console available at '/h2-console'. Database available at 'jdbc:h2:mem:userdb'
2026-05-05 05:22:31 INFO  [main] o.s.b.t.m.w.SpringBootMockServletContext - Initializing Spring TestDispatcherServlet ''
2026-05-05 05:22:31 INFO  [main] o.s.t.w.s.TestDispatcherServlet - Initializing Servlet ''
2026-05-05 05:22:31 INFO  [main] o.s.t.w.s.TestDispatcherServlet - Completed initialization in 2 ms
2026-05-05 05:22:31 INFO  [main] c.d.u.c.UserControllerValidationIT - Started UserControllerValidationIT in 5.019 seconds (process running for 5.877)
2026-05-05 05:22:31 INFO  [main] o.s.o.j.LocalContainerEntityManagerFactoryBean - Closing JPA EntityManagerFactory for persistence unit 'default'
2026-05-05 05:22:31 DEBUG [main] org.hibernate.SQL - 
    drop table if exists users cascade 
Hibernate: 
    drop table if exists users cascade 
2026-05-05 05:22:31 INFO  [main] com.zaxxer.hikari.HikariDataSource - HikariPool-1 - Shutdown initiated...
2026-05-05 05:22:31 INFO  [main] com.zaxxer.hikari.HikariDataSource - HikariPool-1 - Shutdown completed.

  .   ____          _            __ _ _
 /\\ / ___'_ __ _ _(_)_ __  __ _ \ \ \ \
( ( )\___ | '_ | '_| | '_ \/ _` | \ \ \ \
 \\/  ___)| |_)| | | | | || (_| |  ) ) ) )
  '  |____| .__|_| |_|_| |_\__, | / / / /
 =========|_|==============|___/=/_/_/_/
 :: Spring Boot ::                (v3.2.5)

2026-05-05 05:22:31 INFO  [main] c.d.u.c.UserControllerValidationIT - Starting UserControllerValidationIT using Java 17.0.18 with PID 5757 (started by runner in /home/runner/work/demowebapp1121/demowebapp1121)
2026-05-05 05:22:31 DEBUG [main] c.d.u.c.UserControllerValidationIT - Running with Spring Boot v3.2.5, Spring v6.1.6
2026-05-05 05:22:31 INFO  [main] c.d.u.c.UserControllerValidationIT - No active profile set, falling back to 1 default profile: "default"
2026-05-05 05:22:31 INFO  [main] o.s.d.r.c.RepositoryConfigurationDelegate - Bootstrapping Spring Data JPA repositories in DEFAULT mode.
2026-05-05 05:22:31 INFO  [main] o.s.d.r.c.RepositoryConfigurationDelegate - Finished Spring Data repository scanning in 6 ms. Found 1 JPA repository interface.
2026-05-05 05:22:32 INFO  [main] o.h.jpa.internal.util.LogHelper - HHH000204: Processing PersistenceUnitInfo [name: default]
2026-05-05 05:22:32 INFO  [main] o.h.c.i.RegionFactoryInitiator - HHH000026: Second-level cache disabled
2026-05-05 05:22:32 INFO  [main] o.s.o.j.p.SpringPersistenceUnitInfo - No LoadTimeWeaver setup: ignoring JPA class transformer
2026-05-05 05:22:32 INFO  [main] com.zaxxer.hikari.HikariDataSource - HikariPool-2 - Starting...
2026-05-05 05:22:32 INFO  [main] com.zaxxer.hikari.pool.HikariPool - HikariPool-2 - Added connection conn10: url=jdbc:h2:mem:userdb user=SA
2026-05-05 05:22:32 INFO  [main] com.zaxxer.hikari.HikariDataSource - HikariPool-2 - Start completed.
2026-05-05 05:22:32 WARN  [main] org.hibernate.orm.deprecation - HHH90000025: H2Dialect does not need to be specified explicitly using 'hibernate.dialect' (remove the property setting and it will be selected by default)
2026-05-05 05:22:32 INFO  [main] o.h.e.t.j.p.i.JtaPlatformInitiator - HHH000489: No JTA platform available (set 'hibernate.transaction.jta.platform' to enable JTA platform integration)
2026-05-05 05:22:32 DEBUG [main] org.hibernate.SQL - 
    drop table if exists users cascade 
Hibernate: 
    drop table if exists users cascade 
2026-05-05 05:22:32 DEBUG [main] org.hibernate.SQL - 
    create table users (
        id bigint generated by default as identity,
        name varchar(100) not null,
        email varchar(255) not null unique,
        password varchar(255) not null,
        role varchar(255) not null,
        primary key (id)
    )
Hibernate: 
    create table users (
        id bigint generated by default as identity,
        name varchar(100) not null,
        email varchar(255) not null unique,
        password varchar(255) not null,
        role varchar(255) not null,
        primary key (id)
    )
2026-05-05 05:22:32 INFO  [main] o.s.o.j.LocalContainerEntityManagerFactoryBean - Initialized JPA EntityManagerFactory for persistence unit 'default'
2026-05-05 05:22:32 WARN  [main] o.s.b.a.o.j.JpaBaseConfiguration$JpaWebConfiguration - spring.jpa.open-in-view is enabled by default. Therefore, database queries may be performed during view rendering. Explicitly configure spring.jpa.open-in-view to disable this warning
2026-05-05 05:22:32 WARN  [main] c.d.u.config.SecurityConfig - Loaded hardcoded in-memory users: admin/admin123, user/password. FOR DEMO ONLY.
2026-05-05 05:22:32 INFO  [main] o.s.b.a.e.web.EndpointLinksResolver - Exposing 13 endpoint(s) beneath base path '/actuator'
2026-05-05 05:22:32 WARN  [main] c.d.u.config.SecurityConfig - INSECURE SecurityConfig loaded - CSRF disabled, all endpoints open. FOR DEMO ONLY.
2026-05-05 05:22:32 INFO  [main] o.s.s.web.DefaultSecurityFilterChain - Will secure any request with [org.springframework.security.web.session.DisableEncodeUrlFilter@49ffd0cb, org.springframework.security.web.context.request.async.WebAsyncManagerIntegrationFilter@1254e9a7, org.springframework.security.web.context.SecurityContextHolderFilter@3ba468ec, org.springframework.security.web.header.HeaderWriterFilter@51be4bf5, org.springframework.web.filter.CorsFilter@262c75a3, org.springframework.security.web.authentication.logout.LogoutFilter@2baf9cd4, org.springframework.security.web.authentication.www.BasicAuthenticationFilter@7db4c883, org.springframework.security.web.savedrequest.RequestCacheAwareFilter@2b74787f, org.springframework.security.web.servletapi.SecurityContextHolderAwareRequestFilter@2554bfa, org.springframework.security.web.authentication.AnonymousAuthenticationFilter@1881ef74, org.springframework.security.web.access.ExceptionTranslationFilter@4bcb45e4, org.springframework.security.web.access.intercept.AuthorizationFilter@4349f52c]
2026-05-05 05:22:32 INFO  [main] o.s.b.a.h.H2ConsoleAutoConfiguration - H2 console available at '/h2-console'. Database available at 'jdbc:h2:mem:userdb'
2026-05-05 05:22:32 INFO  [main] o.s.b.t.m.w.SpringBootMockServletContext - Initializing Spring TestDispatcherServlet ''
2026-05-05 05:22:32 INFO  [main] o.s.t.w.s.TestDispatcherServlet - Initializing Servlet ''
2026-05-05 05:22:32 INFO  [main] o.s.t.w.s.TestDispatcherServlet - Completed initialization in 1 ms
2026-05-05 05:22:32 INFO  [main] c.d.u.c.UserControllerValidationIT - Started UserControllerValidationIT in 1.025 seconds (process running for 6.987)
2026-05-05 05:22:33 INFO  [main] c.d.u.controller.UserController - PUT /users/99999 - Updating user
2026-05-05 05:22:33 INFO  [main] c.d.u.service.UserService - Updating user with id: 99999
2026-05-05 05:22:33 DEBUG [main] org.hibernate.SQL - 
    select
        u1_0.id,
        u1_0.email,
        u1_0.name,
        u1_0.password,
        u1_0.role 
    from
        users u1_0 
    where
        u1_0.id=?
Hibernate: 
    select
        u1_0.id,
        u1_0.email,
        u1_0.name,
        u1_0.password,
        u1_0.role 
    from
        users u1_0 
    where
        u1_0.id=?
2026-05-05 05:22:33 WARN  [main] c.d.u.e.GlobalExceptionHandler - User not found: User not found with id: 99999
]]></system-out>
  </testcase>
  <testcase name="createUser_withInvalidEmail_returns400WithDetails" classname="com.demo.usermanagement.controller.UserControllerValidationIT" time="1.079">
    <system-out><![CDATA[2026-05-05 05:22:33 INFO  [main] o.s.o.j.LocalContainerEntityManagerFactoryBean - Closing JPA EntityManagerFactory for persistence unit 'default'
2026-05-05 05:22:33 DEBUG [main] org.hibernate.SQL - 
    drop table if exists users cascade 
Hibernate: 
    drop table if exists users cascade 
2026-05-05 05:22:33 INFO  [main] com.zaxxer.hikari.HikariDataSource - HikariPool-2 - Shutdown initiated...
2026-05-05 05:22:33 INFO  [main] com.zaxxer.hikari.HikariDataSource - HikariPool-2 - Shutdown completed.

  .   ____          _            __ _ _
 /\\ / ___'_ __ _ _(_)_ __  __ _ \ \ \ \
( ( )\___ | '_ | '_| | '_ \/ _` | \ \ \ \
 \\/  ___)| |_)| | | | | || (_| |  ) ) ) )
  '  |____| .__|_| |_|_| |_\__, | / / / /
 =========|_|==============|___/=/_/_/_/
 :: Spring Boot ::                (v3.2.5)

2026-05-05 05:22:33 INFO  [main] c.d.u.c.UserControllerValidationIT - Starting UserControllerValidationIT using Java 17.0.18 with PID 5757 (started by runner in /home/runner/work/demowebapp1121/demowebapp1121)
2026-05-05 05:22:33 DEBUG [main] c.d.u.c.UserControllerValidationIT - Running with Spring Boot v3.2.5, Spring v6.1.6
2026-05-05 05:22:33 INFO  [main] c.d.u.c.UserControllerValidationIT - No active profile set, falling back to 1 default profile: "default"
2026-05-05 05:22:33 INFO  [main] o.s.d.r.c.RepositoryConfigurationDelegate - Bootstrapping Spring Data JPA repositories in DEFAULT mode.
2026-05-05 05:22:33 INFO  [main] o.s.d.r.c.RepositoryConfigurationDelegate - Finished Spring Data repository scanning in 5 ms. Found 1 JPA repository interface.
2026-05-05 05:22:33 INFO  [main] o.h.jpa.internal.util.LogHelper - HHH000204: Processing PersistenceUnitInfo [name: default]
2026-05-05 05:22:33 INFO  [main] o.h.c.i.RegionFactoryInitiator - HHH000026: Second-level cache disabled
2026-05-05 05:22:33 INFO  [main] o.s.o.j.p.SpringPersistenceUnitInfo - No LoadTimeWeaver setup: ignoring JPA class transformer
2026-05-05 05:22:33 INFO  [main] com.zaxxer.hikari.HikariDataSource - HikariPool-3 - Starting...
2026-05-05 05:22:33 INFO  [main] com.zaxxer.hikari.pool.HikariPool - HikariPool-3 - Added connection conn20: url=jdbc:h2:mem:userdb user=SA
2026-05-05 05:22:33 INFO  [main] com.zaxxer.hikari.HikariDataSource - HikariPool-3 - Start completed.
2026-05-05 05:22:33 WARN  [main] org.hibernate.orm.deprecation - HHH90000025: H2Dialect does not need to be specified explicitly using 'hibernate.dialect' (remove the property setting and it will be selected by default)
2026-05-05 05:22:33 INFO  [main] o.h.e.t.j.p.i.JtaPlatformInitiator - HHH000489: No JTA platform available (set 'hibernate.transaction.jta.platform' to enable JTA platform integration)
2026-05-05 05:22:33 DEBUG [main] org.hibernate.SQL - 
    drop table if exists users cascade 
Hibernate: 
    drop table if exists users cascade 
2026-05-05 05:22:33 DEBUG [main] org.hibernate.SQL - 
    create table users (
        id bigint generated by default as identity,
        name varchar(100) not null,
        email varchar(255) not null unique,
        password varchar(255) not null,
        role varchar(255) not null,
        primary key (id)
    )
Hibernate: 
    create table users (
        id bigint generated by default as identity,
        name varchar(100) not null,
        email varchar(255) not null unique,
        password varchar(255) not null,
        role varchar(255) not null,
        primary key (id)
    )
2026-05-05 05:22:33 INFO  [main] o.s.o.j.LocalContainerEntityManagerFactoryBean - Initialized JPA EntityManagerFactory for persistence unit 'default'
2026-05-05 05:22:33 WARN  [main] o.s.b.a.o.j.JpaBaseConfiguration$JpaWebConfiguration - spring.jpa.open-in-view is enabled by default. Therefore, database queries may be performed during view rendering. Explicitly configure spring.jpa.open-in-view to disable this warning
2026-05-05 05:22:33 WARN  [main] c.d.u.config.SecurityConfig - Loaded hardcoded in-memory users: admin/admin123, user/password. FOR DEMO ONLY.
2026-05-05 05:22:34 INFO  [main] o.s.b.a.e.web.EndpointLinksResolver - Exposing 13 endpoint(s) beneath base path '/actuator'
2026-05-05 05:22:34 WARN  [main] c.d.u.config.SecurityConfig - INSECURE SecurityConfig loaded - CSRF disabled, all endpoints open. FOR DEMO ONLY.
2026-05-05 05:22:34 INFO  [main] o.s.s.web.DefaultSecurityFilterChain - Will secure any request with [org.springframework.security.web.session.DisableEncodeUrlFilter@5f914d68, org.springframework.security.web.context.request.async.WebAsyncManagerIntegrationFilter@177244f5, org.springframework.security.web.context.SecurityContextHolderFilter@11786a43, org.springframework.security.web.header.HeaderWriterFilter@6c7d5f84, org.springframework.web.filter.CorsFilter@73515663, org.springframework.security.web.authentication.logout.LogoutFilter@2ddb0d1a, org.springframework.security.web.authentication.www.BasicAuthenticationFilter@646599c6, org.springframework.security.web.savedrequest.RequestCacheAwareFilter@2811cde7, org.springframework.security.web.servletapi.SecurityContextHolderAwareRequestFilter@3404df71, org.springframework.security.web.authentication.AnonymousAuthenticationFilter@867ce95, org.springframework.security.web.access.ExceptionTranslationFilter@91339ed, org.springframework.security.web.access.intercept.AuthorizationFilter@3c69b875]
2026-05-05 05:22:34 INFO  [main] o.s.b.a.h.H2ConsoleAutoConfiguration - H2 console available at '/h2-console'. Database available at 'jdbc:h2:mem:userdb'
2026-05-05 05:22:34 INFO  [main] o.s.b.t.m.w.SpringBootMockServletContext - Initializing Spring TestDispatcherServlet ''
2026-05-05 05:22:34 INFO  [main] o.s.t.w.s.TestDispatcherServlet - Initializing Servlet ''
2026-05-05 05:22:34 INFO  [main] o.s.t.w.s.TestDispatcherServlet - Completed initialization in 1 ms
2026-05-05 05:22:34 INFO  [main] c.d.u.c.UserControllerValidationIT - Started UserControllerValidationIT in 1.03 seconds (process running for 8.74)
2026-05-05 05:22:34 WARN  [main] c.d.u.e.GlobalExceptionHandler - Validation failed: [email: Email must be a valid email address]
]]></system-out>
  </testcase>
  <testcase name="createUser_withShortPassword_returns400WithDetails" classname="com.demo.usermanagement.controller.UserControllerValidationIT" time="0.918">
    <system-out><![CDATA[2026-05-05 05:22:34 INFO  [main] o.s.o.j.LocalContainerEntityManagerFactoryBean - Closing JPA EntityManagerFactory for persistence unit 'default'
2026-05-05 05:22:34 DEBUG [main] org.hibernate.SQL - 
    drop table if exists users cascade 
Hibernate: 
    drop table if exists users cascade 
2026-05-05 05:22:34 INFO  [main] com.zaxxer.hikari.HikariDataSource - HikariPool-3 - Shutdown initiated...
2026-05-05 05:22:34 INFO  [main] com.zaxxer.hikari.HikariDataSource - HikariPool-3 - Shutdown completed.

  .   ____          _            __ _ _
 /\\ / ___'_ __ _ _(_)_ __  __ _ \ \ \ \
( ( )\___ | '_ | '_| | '_ \/ _` | \ \ \ \
 \\/  ___)| |_)| | | | | || (_| |  ) ) ) )
  '  |____| .__|_| |_|_| |_\__, | / / / /
 =========|_|==============|___/=/_/_/_/
 :: Spring Boot ::                (v3.2.5)

2026-05-05 05:22:34 INFO  [main] c.d.u.c.UserControllerValidationIT - Starting UserControllerValidationIT using Java 17.0.18 with PID 5757 (started by runner in /home/runner/work/demowebapp1121/demowebapp1121)
2026-05-05 05:22:34 DEBUG [main] c.d.u.c.UserControllerValidationIT - Running with Spring Boot v3.2.5, Spring v6.1.6
2026-05-05 05:22:34 INFO  [main] c.d.u.c.UserControllerValidationIT - No active profile set, falling back to 1 default profile: "default"
2026-05-05 05:22:34 INFO  [main] o.s.d.r.c.RepositoryConfigurationDelegate - Bootstrapping Spring Data JPA repositories in DEFAULT mode.
2026-05-05 05:22:34 INFO  [main] o.s.d.r.c.RepositoryConfigurationDelegate - Finished Spring Data repository scanning in 7 ms. Found 1 JPA repository interface.
2026-05-05 05:22:34 INFO  [main] o.h.jpa.internal.util.LogHelper - HHH000204: Processing PersistenceUnitInfo [name: default]
2026-05-05 05:22:34 INFO  [main] o.h.c.i.RegionFactoryInitiator - HHH000026: Second-level cache disabled
2026-05-05 05:22:34 INFO  [main] o.s.o.j.p.SpringPersistenceUnitInfo - No LoadTimeWeaver setup: ignoring JPA class transformer
2026-05-05 05:22:34 INFO  [main] com.zaxxer.hikari.HikariDataSource - HikariPool-4 - Starting...
2026-05-05 05:22:34 INFO  [main] com.zaxxer.hikari.pool.HikariPool - HikariPool-4 - Added connection conn30: url=jdbc:h2:mem:userdb user=SA
2026-05-05 05:22:34 INFO  [main] com.zaxxer.hikari.HikariDataSource - HikariPool-4 - Start completed.
2026-05-05 05:22:34 WARN  [main] org.hibernate.orm.deprecation - HHH90000025: H2Dialect does not need to be specified explicitly using 'hibernate.dialect' (remove the property setting and it will be selected by default)
2026-05-05 05:22:34 INFO  [main] o.h.e.t.j.p.i.JtaPlatformInitiator - HHH000489: No JTA platform available (set 'hibernate.transaction.jta.platform' to enable JTA platform integration)
2026-05-05 05:22:34 DEBUG [main] org.hibernate.SQL - 
    drop table if exists users cascade 
Hibernate: 
    drop table if exists users cascade 
2026-05-05 05:22:34 DEBUG [main] org.hibernate.SQL - 
    create table users (
        id bigint generated by default as identity,
        name varchar(100) not null,
        email varchar(255) not null unique,
        password varchar(255) not null,
        role varchar(255) not null,
        primary key (id)
    )
Hibernate: 
    create table users (
        id bigint generated by default as identity,
        name varchar(100) not null,
        email varchar(255) not null unique,
        password varchar(255) not null,
        role varchar(255) not null,
        primary key (id)
    )
2026-05-05 05:22:34 INFO  [main] o.s.o.j.LocalContainerEntityManagerFactoryBean - Initialized JPA EntityManagerFactory for persistence unit 'default'
2026-05-05 05:22:34 WARN  [main] o.s.b.a.o.j.JpaBaseConfiguration$JpaWebConfiguration - spring.jpa.open-in-view is enabled by default. Therefore, database queries may be performed during view rendering. Explicitly configure spring.jpa.open-in-view to disable this warning
2026-05-05 05:22:34 WARN  [main] c.d.u.config.SecurityConfig - Loaded hardcoded in-memory users: admin/admin123, user/password. FOR DEMO ONLY.
2026-05-05 05:22:35 INFO  [main] o.s.b.a.e.web.EndpointLinksResolver - Exposing 13 endpoint(s) beneath base path '/actuator'
2026-05-05 05:22:35 WARN  [main] c.d.u.config.SecurityConfig - INSECURE SecurityConfig loaded - CSRF disabled, all endpoints open. FOR DEMO ONLY.
2026-05-05 05:22:35 INFO  [main] o.s.s.web.DefaultSecurityFilterChain - Will secure any request with [org.springframework.security.web.session.DisableEncodeUrlFilter@96b3034, org.springframework.security.web.context.request.async.WebAsyncManagerIntegrationFilter@1d5f1fa5, org.springframework.security.web.context.SecurityContextHolderFilter@5fe14f1b, org.springframework.security.web.header.HeaderWriterFilter@43fbd29, org.springframework.web.filter.CorsFilter@13695bca, org.springframework.security.web.authentication.logout.LogoutFilter@156187bf, org.springframework.security.web.authentication.www.BasicAuthenticationFilter@1c511e32, org.springframework.security.web.savedrequest.RequestCacheAwareFilter@2c7c805f, org.springframework.security.web.servletapi.SecurityContextHolderAwareRequestFilter@7a60c431, org.springframework.security.web.authentication.AnonymousAuthenticationFilter@33a8ae90, org.springframework.security.web.access.ExceptionTranslationFilter@67131e6, org.springframework.security.web.access.intercept.AuthorizationFilter@304175d6]
2026-05-05 05:22:35 INFO  [main] o.s.b.a.h.H2ConsoleAutoConfiguration - H2 console available at '/h2-console'. Database available at 'jdbc:h2:mem:userdb'
2026-05-05 05:22:35 INFO  [main] o.s.b.t.m.w.SpringBootMockServletContext - Initializing Spring TestDispatcherServlet ''
2026-05-05 05:22:35 INFO  [main] o.s.t.w.s.TestDispatcherServlet - Initializing Servlet ''
2026-05-05 05:22:35 INFO  [main] o.s.t.w.s.TestDispatcherServlet - Completed initialization in 0 ms
2026-05-05 05:22:35 INFO  [main] c.d.u.c.UserControllerValidationIT - Started UserControllerValidationIT in 0.887 seconds (process running for 9.675)
2026-05-05 05:22:35 WARN  [main] c.d.u.e.GlobalExceptionHandler - Validation failed: [password: Password must be at least 6 characters]
]]></system-out>
  </testcase>
  <testcase name="createUser_withValidData_returns201" classname="com.demo.usermanagement.controller.UserControllerValidationIT" time="0.81">
    <system-out><![CDATA[2026-05-05 05:22:35 INFO  [main] o.s.o.j.LocalContainerEntityManagerFactoryBean - Closing JPA EntityManagerFactory for persistence unit 'default'
2026-05-05 05:22:35 DEBUG [main] org.hibernate.SQL - 
    drop table if exists users cascade 
Hibernate: 
    drop table if exists users cascade 
2026-05-05 05:22:35 INFO  [main] com.zaxxer.hikari.HikariDataSource - HikariPool-4 - Shutdown initiated...
2026-05-05 05:22:35 INFO  [main] com.zaxxer.hikari.HikariDataSource - HikariPool-4 - Shutdown completed.

  .   ____          _            __ _ _
 /\\ / ___'_ __ _ _(_)_ __  __ _ \ \ \ \
( ( )\___ | '_ | '_| | '_ \/ _` | \ \ \ \
 \\/  ___)| |_)| | | | | || (_| |  ) ) ) )
  '  |____| .__|_| |_|_| |_\__, | / / / /
 =========|_|==============|___/=/_/_/_/
 :: Spring Boot ::                (v3.2.5)

2026-05-05 05:22:35 INFO  [main] c.d.u.c.UserControllerValidationIT - Starting UserControllerValidationIT using Java 17.0.18 with PID 5757 (started by runner in /home/runner/work/demowebapp1121/demowebapp1121)
2026-05-05 05:22:35 DEBUG [main] c.d.u.c.UserControllerValidationIT - Running with Spring Boot v3.2.5, Spring v6.1.6
2026-05-05 05:22:35 INFO  [main] c.d.u.c.UserControllerValidationIT - No active profile set, falling back to 1 default profile: "default"
2026-05-05 05:22:35 INFO  [main] o.s.d.r.c.RepositoryConfigurationDelegate - Bootstrapping Spring Data JPA repositories in DEFAULT mode.
2026-05-05 05:22:35 INFO  [main] o.s.d.r.c.RepositoryConfigurationDelegate - Finished Spring Data repository scanning in 4 ms. Found 1 JPA repository interface.
2026-05-05 05:22:35 INFO  [main] o.h.jpa.internal.util.LogHelper - HHH000204: Processing PersistenceUnitInfo [name: default]
2026-05-05 05:22:35 INFO  [main] o.h.c.i.RegionFactoryInitiator - HHH000026: Second-level cache disabled
2026-05-05 05:22:35 INFO  [main] o.s.o.j.p.SpringPersistenceUnitInfo - No LoadTimeWeaver setup: ignoring JPA class transformer
2026-05-05 05:22:35 INFO  [main] com.zaxxer.hikari.HikariDataSource - HikariPool-5 - Starting...
2026-05-05 05:22:35 INFO  [main] com.zaxxer.hikari.pool.HikariPool - HikariPool-5 - Added connection conn40: url=jdbc:h2:mem:userdb user=SA
2026-05-05 05:22:35 INFO  [main] com.zaxxer.hikari.HikariDataSource - HikariPool-5 - Start completed.
2026-05-05 05:22:35 WARN  [main] org.hibernate.orm.deprecation - HHH90000025: H2Dialect does not need to be specified explicitly using 'hibernate.dialect' (remove the property setting and it will be selected by default)
2026-05-05 05:22:35 INFO  [main] o.h.e.t.j.p.i.JtaPlatformInitiator - HHH000489: No JTA platform available (set 'hibernate.transaction.jta.platform' to enable JTA platform integration)
2026-05-05 05:22:35 DEBUG [main] org.hibernate.SQL - 
    drop table if exists users cascade 
Hibernate: 
    drop table if exists users cascade 
2026-05-05 05:22:35 DEBUG [main] org.hibernate.SQL - 
    create table users (
        id bigint generated by default as identity,
        name varchar(100) not null,
        email varchar(255) not null unique,
        password varchar(255) not null,
        role varchar(255) not null,
        primary key (id)
    )
Hibernate: 
    create table users (
        id bigint generated by default as identity,
        name varchar(100) not null,
        email varchar(255) not null unique,
        password varchar(255) not null,
        role varchar(255) not null,
        primary key (id)
    )
2026-05-05 05:22:35 INFO  [main] o.s.o.j.LocalContainerEntityManagerFactoryBean - Initialized JPA EntityManagerFactory for persistence unit 'default'
2026-05-05 05:22:35 WARN  [main] o.s.b.a.o.j.JpaBaseConfiguration$JpaWebConfiguration - spring.jpa.open-in-view is enabled by default. Therefore, database queries may be performed during view rendering. Explicitly configure spring.jpa.open-in-view to disable this warning
2026-05-05 05:22:35 WARN  [main] c.d.u.config.SecurityConfig - Loaded hardcoded in-memory users: admin/admin123, user/password. FOR DEMO ONLY.
2026-05-05 05:22:35 INFO  [main] o.s.b.a.e.web.EndpointLinksResolver - Exposing 13 endpoint(s) beneath base path '/actuator'
2026-05-05 05:22:35 WARN  [main] c.d.u.config.SecurityConfig - INSECURE SecurityConfig loaded - CSRF disabled, all endpoints open. FOR DEMO ONLY.
2026-05-05 05:22:35 INFO  [main] o.s.s.web.DefaultSecurityFilterChain - Will secure any request with [org.springframework.security.web.session.DisableEncodeUrlFilter@6c1a08f2, org.springframework.security.web.context.request.async.WebAsyncManagerIntegrationFilter@6760a74e, org.springframework.security.web.context.SecurityContextHolderFilter@17e83783, org.springframework.security.web.header.HeaderWriterFilter@27f64853, org.springframework.web.filter.CorsFilter@5b6626e5, org.springframework.security.web.authentication.logout.LogoutFilter@107b30e0, org.springframework.security.web.authentication.www.BasicAuthenticationFilter@5a6a336c, org.springframework.security.web.savedrequest.RequestCacheAwareFilter@1ee98d0d, org.springframework.security.web.servletapi.SecurityContextHolderAwareRequestFilter@150ae70c, org.springframework.security.web.authentication.AnonymousAuthenticationFilter@673b5922, org.springframework.security.web.access.ExceptionTranslationFilter@54c5c875, org.springframework.security.web.access.intercept.AuthorizationFilter@107b7bea]
2026-05-05 05:22:35 INFO  [main] o.s.b.a.h.H2ConsoleAutoConfiguration - H2 console available at '/h2-console'. Database available at 'jdbc:h2:mem:userdb'
2026-05-05 05:22:35 INFO  [main] o.s.b.t.m.w.SpringBootMockServletContext - Initializing Spring TestDispatcherServlet ''
2026-05-05 05:22:35 INFO  [main] o.s.t.w.s.TestDispatcherServlet - Initializing Servlet ''
2026-05-05 05:22:35 INFO  [main] o.s.t.w.s.TestDispatcherServlet - Completed initialization in 0 ms
2026-05-05 05:22:36 INFO  [main] c.d.u.c.UserControllerValidationIT - Started UserControllerValidationIT in 0.697 seconds (process running for 10.405)
2026-05-05 05:22:36 INFO  [main] c.d.u.controller.UserController - POST /users - Creating user: newuser@example.com
2026-05-05 05:22:36 INFO  [main] c.d.u.service.UserService - Creating user with email: newuser@example.com
2026-05-05 05:22:36 DEBUG [main] org.hibernate.SQL - 
    select
        u1_0.id,
        u1_0.email,
        u1_0.name,
        u1_0.password,
        u1_0.role 
    from
        users u1_0 
    where
        u1_0.email=?
Hibernate: 
    select
        u1_0.id,
        u1_0.email,
        u1_0.name,
        u1_0.password,
        u1_0.role 
    from
        users u1_0 
    where
        u1_0.email=?
2026-05-05 05:22:36 DEBUG [main] org.hibernate.SQL - 
    insert 
    into
        users
        (email, name, password, role, id) 
    values
        (?, ?, ?, ?, default)
Hibernate: 
    insert 
    into
        users
        (email, name, password, role, id) 
    values
        (?, ?, ?, ?, default)
2026-05-05 05:22:36 INFO  [main] c.d.u.service.UserService - User created with id: 6
2026-05-05 05:22:36 DEBUG [main] c.d.u.service.UserService - User details after save: name=Bob, email=newuser@example.com, role=USER
]]></system-out>
  </testcase>
  <testcase name="createUser_withBlankName_returns400WithDetails" classname="com.demo.usermanagement.controller.UserControllerValidationIT" time="0.752">
    <system-out><![CDATA[2026-05-05 05:22:36 INFO  [main] o.s.o.j.LocalContainerEntityManagerFactoryBean - Closing JPA EntityManagerFactory for persistence unit 'default'
2026-05-05 05:22:36 DEBUG [main] org.hibernate.SQL - 
    drop table if exists users cascade 
Hibernate: 
    drop table if exists users cascade 
2026-05-05 05:22:36 INFO  [main] com.zaxxer.hikari.HikariDataSource - HikariPool-5 - Shutdown initiated...
2026-05-05 05:22:36 INFO  [main] com.zaxxer.hikari.HikariDataSource - HikariPool-5 - Shutdown completed.

  .   ____          _            __ _ _
 /\\ / ___'_ __ _ _(_)_ __  __ _ \ \ \ \
( ( )\___ | '_ | '_| | '_ \/ _` | \ \ \ \
 \\/  ___)| |_)| | | | | || (_| |  ) ) ) )
  '  |____| .__|_| |_|_| |_\__, | / / / /
 =========|_|==============|___/=/_/_/_/
 :: Spring Boot ::                (v3.2.5)

2026-05-05 05:22:36 INFO  [main] c.d.u.c.UserControllerValidationIT - Starting UserControllerValidationIT using Java 17.0.18 with PID 5757 (started by runner in /home/runner/work/demowebapp1121/demowebapp1121)
2026-05-05 05:22:36 DEBUG [main] c.d.u.c.UserControllerValidationIT - Running with Spring Boot v3.2.5, Spring v6.1.6
2026-05-05 05:22:36 INFO  [main] c.d.u.c.UserControllerValidationIT - No active profile set, falling back to 1 default profile: "default"
2026-05-05 05:22:36 INFO  [main] o.s.d.r.c.RepositoryConfigurationDelegate - Bootstrapping Spring Data JPA repositories in DEFAULT mode.
2026-05-05 05:22:36 INFO  [main] o.s.d.r.c.RepositoryConfigurationDelegate - Finished Spring Data repository scanning in 3 ms. Found 1 JPA repository interface.
2026-05-05 05:22:36 INFO  [main] o.h.jpa.internal.util.LogHelper - HHH000204: Processing PersistenceUnitInfo [name: default]
2026-05-05 05:22:36 INFO  [main] o.h.c.i.RegionFactoryInitiator - HHH000026: Second-level cache disabled
2026-05-05 05:22:36 INFO  [main] o.s.o.j.p.SpringPersistenceUnitInfo - No LoadTimeWeaver setup: ignoring JPA class transformer
2026-05-05 05:22:36 INFO  [main] com.zaxxer.hikari.HikariDataSource - HikariPool-6 - Starting...
2026-05-05 05:22:36 INFO  [main] com.zaxxer.hikari.pool.HikariPool - HikariPool-6 - Added connection conn50: url=jdbc:h2:mem:userdb user=SA
2026-05-05 05:22:36 INFO  [main] com.zaxxer.hikari.HikariDataSource - HikariPool-6 - Start completed.
2026-05-05 05:22:36 WARN  [main] org.hibernate.orm.deprecation - HHH90000025: H2Dialect does not need to be specified explicitly using 'hibernate.dialect' (remove the property setting and it will be selected by default)
2026-05-05 05:22:36 INFO  [main] o.h.e.t.j.p.i.JtaPlatformInitiator - HHH000489: No JTA platform available (set 'hibernate.transaction.jta.platform' to enable JTA platform integration)
2026-05-05 05:22:36 DEBUG [main] org.hibernate.SQL - 
    drop table if exists users cascade 
Hibernate: 
    drop table if exists users cascade 
2026-05-05 05:22:36 DEBUG [main] org.hibernate.SQL - 
    create table users (
        id bigint generated by default as identity,
        name varchar(100) not null,
        email varchar(255) not null unique,
        password varchar(255) not null,
        role varchar(255) not null,
        primary key (id)
    )
Hibernate: 
    create table users (
        id bigint generated by default as identity,
        name varchar(100) not null,
        email varchar(255) not null unique,
        password varchar(255) not null,
        role varchar(255) not null,
        primary key (id)
    )
2026-05-05 05:22:36 INFO  [main] o.s.o.j.LocalContainerEntityManagerFactoryBean - Initialized JPA EntityManagerFactory for persistence unit 'default'
2026-05-05 05:22:36 WARN  [main] o.s.b.a.o.j.JpaBaseConfiguration$JpaWebConfiguration - spring.jpa.open-in-view is enabled by default. Therefore, database queries may be performed during view rendering. Explicitly configure spring.jpa.open-in-view to disable this warning
2026-05-05 05:22:36 WARN  [main] c.d.u.config.SecurityConfig - Loaded hardcoded in-memory users: admin/admin123, user/password. FOR DEMO ONLY.
2026-05-05 05:22:36 INFO  [main] o.s.b.a.e.web.EndpointLinksResolver - Exposing 13 endpoint(s) beneath base path '/actuator'
2026-05-05 05:22:36 WARN  [main] c.d.u.config.SecurityConfig - INSECURE SecurityConfig loaded - CSRF disabled, all endpoints open. FOR DEMO ONLY.
2026-05-05 05:22:36 INFO  [main] o.s.s.web.DefaultSecurityFilterChain - Will secure any request with [org.springframework.security.web.session.DisableEncodeUrlFilter@155573d5, org.springframework.security.web.context.request.async.WebAsyncManagerIntegrationFilter@8da061b, org.springframework.security.web.context.SecurityContextHolderFilter@4cf88216, org.springframework.security.web.header.HeaderWriterFilter@797fb582, org.springframework.web.filter.CorsFilter@3e9a567a, org.springframework.security.web.authentication.logout.LogoutFilter@79d76ad4, org.springframework.security.web.authentication.www.BasicAuthenticationFilter@4afafd11, org.springframework.security.web.savedrequest.RequestCacheAwareFilter@43c1a2e, org.springframework.security.web.servletapi.SecurityContextHolderAwareRequestFilter@2c8a9a17, org.springframework.security.web.authentication.AnonymousAuthenticationFilter@7bd5f420, org.springframework.security.web.access.ExceptionTranslationFilter@411f02f8, org.springframework.security.web.access.intercept.AuthorizationFilter@247357e4]
2026-05-05 05:22:36 INFO  [main] o.s.b.a.h.H2ConsoleAutoConfiguration - H2 console available at '/h2-console'. Database available at 'jdbc:h2:mem:userdb'
2026-05-05 05:22:36 INFO  [main] o.s.b.t.m.w.SpringBootMockServletContext - Initializing Spring TestDispatcherServlet ''
2026-05-05 05:22:36 INFO  [main] o.s.t.w.s.TestDispatcherServlet - Initializing Servlet ''
2026-05-05 05:22:36 INFO  [main] o.s.t.w.s.TestDispatcherServlet - Completed initialization in 1 ms
2026-05-05 05:22:36 INFO  [main] c.d.u.c.UserControllerValidationIT - Started UserControllerValidationIT in 0.718 seconds (process running for 11.237)
2026-05-05 05:22:36 WARN  [main] c.d.u.e.GlobalExceptionHandler - Validation failed: [name: Name must be between 2 and 100 characters, name: Name is required]
]]></system-out>
  </testcase>
  <testcase name="getUserById_withNonExistentId_returns404WithErrorBody" classname="com.demo.usermanagement.controller.UserControllerValidationIT" time="0.866">
    <system-out><![CDATA[2026-05-05 05:22:36 INFO  [main] o.s.o.j.LocalContainerEntityManagerFactoryBean - Closing JPA EntityManagerFactory for persistence unit 'default'
2026-05-05 05:22:36 DEBUG [main] org.hibernate.SQL - 
    drop table if exists users cascade 
Hibernate: 
    drop table if exists users cascade 
2026-05-05 05:22:36 INFO  [main] com.zaxxer.hikari.HikariDataSource - HikariPool-6 - Shutdown initiated...
2026-05-05 05:22:36 INFO  [main] com.zaxxer.hikari.HikariDataSource - HikariPool-6 - Shutdown completed.

  .   ____          _            __ _ _
 /\\ / ___'_ __ _ _(_)_ __  __ _ \ \ \ \
( ( )\___ | '_ | '_| | '_ \/ _` | \ \ \ \
 \\/  ___)| |_)| | | | | || (_| |  ) ) ) )
  '  |____| .__|_| |_|_| |_\__, | / / / /
 =========|_|==============|___/=/_/_/_/
 :: Spring Boot ::                (v3.2.5)

2026-05-05 05:22:36 INFO  [main] c.d.u.c.UserControllerValidationIT - Starting UserControllerValidationIT using Java 17.0.18 with PID 5757 (started by runner in /home/runner/work/demowebapp1121/demowebapp1121)
2026-05-05 05:22:36 DEBUG [main] c.d.u.c.UserControllerValidationIT - Running with Spring Boot v3.2.5, Spring v6.1.6
2026-05-05 05:22:36 INFO  [main] c.d.u.c.UserControllerValidationIT - No active profile set, falling back to 1 default profile: "default"
2026-05-05 05:22:37 INFO  [main] o.s.d.r.c.RepositoryConfigurationDelegate - Bootstrapping Spring Data JPA repositories in DEFAULT mode.
2026-05-05 05:22:37 INFO  [main] o.s.d.r.c.RepositoryConfigurationDelegate - Finished Spring Data repository scanning in 3 ms. Found 1 JPA repository interface.
2026-05-05 05:22:37 INFO  [main] o.h.jpa.internal.util.LogHelper - HHH000204: Processing PersistenceUnitInfo [name: default]
2026-05-05 05:22:37 INFO  [main] o.h.c.i.RegionFactoryInitiator - HHH000026: Second-level cache disabled
2026-05-05 05:22:37 INFO  [main] o.s.o.j.p.SpringPersistenceUnitInfo - No LoadTimeWeaver setup: ignoring JPA class transformer
2026-05-05 05:22:37 INFO  [main] com.zaxxer.hikari.HikariDataSource - HikariPool-7 - Starting...
2026-05-05 05:22:37 INFO  [main] com.zaxxer.hikari.pool.HikariPool - HikariPool-7 - Added connection conn60: url=jdbc:h2:mem:userdb user=SA
2026-05-05 05:22:37 INFO  [main] com.zaxxer.hikari.HikariDataSource - HikariPool-7 - Start completed.
2026-05-05 05:22:37 WARN  [main] org.hibernate.orm.deprecation - HHH90000025: H2Dialect does not need to be specified explicitly using 'hibernate.dialect' (remove the property setting and it will be selected by default)
2026-05-05 05:22:37 INFO  [main] o.h.e.t.j.p.i.JtaPlatformInitiator - HHH000489: No JTA platform available (set 'hibernate.transaction.jta.platform' to enable JTA platform integration)
2026-05-05 05:22:37 DEBUG [main] org.hibernate.SQL - 
    drop table if exists users cascade 
Hibernate: 
    drop table if exists users cascade 
2026-05-05 05:22:37 DEBUG [main] org.hibernate.SQL - 
    create table users (
        id bigint generated by default as identity,
        name varchar(100) not null,
        email varchar(255) not null unique,
        password varchar(255) not null,
        role varchar(255) not null,
        primary key (id)
    )
Hibernate: 
    create table users (
        id bigint generated by default as identity,
        name varchar(100) not null,
        email varchar(255) not null unique,
        password varchar(255) not null,
        role varchar(255) not null,
        primary key (id)
    )
2026-05-05 05:22:37 INFO  [main] o.s.o.j.LocalContainerEntityManagerFactoryBean - Initialized JPA EntityManagerFactory for persistence unit 'default'
2026-05-05 05:22:37 WARN  [main] o.s.b.a.o.j.JpaBaseConfiguration$JpaWebConfiguration - spring.jpa.open-in-view is enabled by default. Therefore, database queries may be performed during view rendering. Explicitly configure spring.jpa.open-in-view to disable this warning
2026-05-05 05:22:37 WARN  [main] c.d.u.config.SecurityConfig - Loaded hardcoded in-memory users: admin/admin123, user/password. FOR DEMO ONLY.
2026-05-05 05:22:37 INFO  [main] o.s.b.a.e.web.EndpointLinksResolver - Exposing 13 endpoint(s) beneath base path '/actuator'
2026-05-05 05:22:37 WARN  [main] c.d.u.config.SecurityConfig - INSECURE SecurityConfig loaded - CSRF disabled, all endpoints open. FOR DEMO ONLY.
2026-05-05 05:22:37 INFO  [main] o.s.s.web.DefaultSecurityFilterChain - Will secure any request with [org.springframework.security.web.session.DisableEncodeUrlFilter@7dff5404, org.springframework.security.web.context.request.async.WebAsyncManagerIntegrationFilter@437c5a25, org.springframework.security.web.context.SecurityContextHolderFilter@1a4589e9, org.springframework.security.web.header.HeaderWriterFilter@51cabf8d, org.springframework.web.filter.CorsFilter@fc56cf9, org.springframework.security.web.authentication.logout.LogoutFilter@1a2e5a42, org.springframework.security.web.authentication.www.BasicAuthenticationFilter@5bdcac22, org.springframework.security.web.savedrequest.RequestCacheAwareFilter@622f5b1d, org.springframework.security.web.servletapi.SecurityContextHolderAwareRequestFilter@6d9482a3, org.springframework.security.web.authentication.AnonymousAuthenticationFilter@4fc178ae, org.springframework.security.web.access.ExceptionTranslationFilter@2d8581af, org.springframework.security.web.access.intercept.AuthorizationFilter@25fcc928]
2026-05-05 05:22:37 INFO  [main] o.s.b.a.h.H2ConsoleAutoConfiguration - H2 console available at '/h2-console'. Database available at 'jdbc:h2:mem:userdb'
2026-05-05 05:22:37 INFO  [main] o.s.b.t.m.w.SpringBootMockServletContext - Initializing Spring TestDispatcherServlet ''
2026-05-05 05:22:37 INFO  [main] o.s.t.w.s.TestDispatcherServlet - Initializing Servlet ''
2026-05-05 05:22:37 INFO  [main] o.s.t.w.s.TestDispatcherServlet - Completed initialization in 0 ms
2026-05-05 05:22:37 INFO  [main] c.d.u.c.UserControllerValidationIT - Started UserControllerValidationIT in 0.839 seconds (process running for 12.111)
2026-05-05 05:22:37 INFO  [main] c.d.u.controller.UserController - GET /users/99999 - Fetching user
2026-05-05 05:22:37 INFO  [main] c.d.u.service.UserService - Fetching user by id: 99999
2026-05-05 05:22:37 DEBUG [main] org.hibernate.SQL - 
    select
        u1_0.id,
        u1_0.email,
        u1_0.name,
        u1_0.password,
        u1_0.role 
    from
        users u1_0 
    where
        u1_0.id=?
Hibernate: 
    select
        u1_0.id,
        u1_0.email,
        u1_0.name,
        u1_0.password,
        u1_0.role 
    from
        users u1_0 
    where
        u1_0.id=?
2026-05-05 05:22:37 WARN  [main] c.d.u.e.GlobalExceptionHandler - User not found: User not found with id: 99999
]]></system-out>
  </testcase>
  <testcase name="deleteUser_withNonExistentId_returns404WithErrorBody" classname="com.demo.usermanagement.controller.UserControllerValidationIT" time="0.829">
    <system-out><![CDATA[2026-05-05 05:22:37 INFO  [main] o.s.o.j.LocalContainerEntityManagerFactoryBean - Closing JPA EntityManagerFactory for persistence unit 'default'
2026-05-05 05:22:37 DEBUG [main] org.hibernate.SQL - 
    drop table if exists users cascade 
Hibernate: 
    drop table if exists users cascade 
2026-05-05 05:22:37 INFO  [main] com.zaxxer.hikari.HikariDataSource - HikariPool-7 - Shutdown initiated...
2026-05-05 05:22:37 INFO  [main] com.zaxxer.hikari.HikariDataSource - HikariPool-7 - Shutdown completed.

  .   ____          _            __ _ _
 /\\ / ___'_ __ _ _(_)_ __  __ _ \ \ \ \
( ( )\___ | '_ | '_| | '_ \/ _` | \ \ \ \
 \\/  ___)| |_)| | | | | || (_| |  ) ) ) )
  '  |____| .__|_| |_|_| |_\__, | / / / /
 =========|_|==============|___/=/_/_/_/
 :: Spring Boot ::                (v3.2.5)

2026-05-05 05:22:37 INFO  [main] c.d.u.c.UserControllerValidationIT - Starting UserControllerValidationIT using Java 17.0.18 with PID 5757 (started by runner in /home/runner/work/demowebapp1121/demowebapp1121)
2026-05-05 05:22:37 DEBUG [main] c.d.u.c.UserControllerValidationIT - Running with Spring Boot v3.2.5, Spring v6.1.6
2026-05-05 05:22:37 INFO  [main] c.d.u.c.UserControllerValidationIT - No active profile set, falling back to 1 default profile: "default"
2026-05-05 05:22:37 INFO  [main] o.s.d.r.c.RepositoryConfigurationDelegate - Bootstrapping Spring Data JPA repositories in DEFAULT mode.
2026-05-05 05:22:37 INFO  [main] o.s.d.r.c.RepositoryConfigurationDelegate - Finished Spring Data repository scanning in 2 ms. Found 1 JPA repository interface.
2026-05-05 05:22:38 INFO  [main] o.h.jpa.internal.util.LogHelper - HHH000204: Processing PersistenceUnitInfo [name: default]
2026-05-05 05:22:38 INFO  [main] o.h.c.i.RegionFactoryInitiator - HHH000026: Second-level cache disabled
2026-05-05 05:22:38 INFO  [main] o.s.o.j.p.SpringPersistenceUnitInfo - No LoadTimeWeaver setup: ignoring JPA class transformer
2026-05-05 05:22:38 INFO  [main] com.zaxxer.hikari.HikariDataSource - HikariPool-8 - Starting...
2026-05-05 05:22:38 INFO  [main] com.zaxxer.hikari.pool.HikariPool - HikariPool-8 - Added connection conn70: url=jdbc:h2:mem:userdb user=SA
2026-05-05 05:22:38 INFO  [main] com.zaxxer.hikari.HikariDataSource - HikariPool-8 - Start completed.
2026-05-05 05:22:38 WARN  [main] org.hibernate.orm.deprecation - HHH90000025: H2Dialect does not need to be specified explicitly using 'hibernate.dialect' (remove the property setting and it will be selected by default)
2026-05-05 05:22:38 INFO  [main] o.h.e.t.j.p.i.JtaPlatformInitiator - HHH000489: No JTA platform available (set 'hibernate.transaction.jta.platform' to enable JTA platform integration)
2026-05-05 05:22:38 DEBUG [main] org.hibernate.SQL - 
    drop table if exists users cascade 
Hibernate: 
    drop table if exists users cascade 
2026-05-05 05:22:38 DEBUG [main] org.hibernate.SQL - 
    create table users (
        id bigint generated by default as identity,
        name varchar(100) not null,
        email varchar(255) not null unique,
        password varchar(255) not null,
        role varchar(255) not null,
        primary key (id)
    )
Hibernate: 
    create table users (
        id bigint generated by default as identity,
        name varchar(100) not null,
        email varchar(255) not null unique,
        password varchar(255) not null,
        role varchar(255) not null,
        primary key (id)
    )
2026-05-05 05:22:38 INFO  [main] o.s.o.j.LocalContainerEntityManagerFactoryBean - Initialized JPA EntityManagerFactory for persistence unit 'default'
2026-05-05 05:22:38 WARN  [main] o.s.b.a.o.j.JpaBaseConfiguration$JpaWebConfiguration - spring.jpa.open-in-view is enabled by default. Therefore, database queries may be performed during view rendering. Explicitly configure spring.jpa.open-in-view to disable this warning
2026-05-05 05:22:38 WARN  [main] c.d.u.config.SecurityConfig - Loaded hardcoded in-memory users: admin/admin123, user/password. FOR DEMO ONLY.
2026-05-05 05:22:38 INFO  [main] o.s.b.a.e.web.EndpointLinksResolver - Exposing 13 endpoint(s) beneath base path '/actuator'
2026-05-05 05:22:38 WARN  [main] c.d.u.config.SecurityConfig - INSECURE SecurityConfig loaded - CSRF disabled, all endpoints open. FOR DEMO ONLY.
2026-05-05 05:22:38 INFO  [main] o.s.s.web.DefaultSecurityFilterChain - Will secure any request with [org.springframework.security.web.session.DisableEncodeUrlFilter@5d98a66e, org.springframework.security.web.context.request.async.WebAsyncManagerIntegrationFilter@71d2fac0, org.springframework.security.web.context.SecurityContextHolderFilter@77256d4b, org.springframework.security.web.header.HeaderWriterFilter@47f20fa, org.springframework.web.filter.CorsFilter@d304447, org.springframework.security.web.authentication.logout.LogoutFilter@7c84e530, org.springframework.security.web.authentication.www.BasicAuthenticationFilter@76eb41bc, org.springframework.security.web.savedrequest.RequestCacheAwareFilter@7e0a7c8e, org.springframework.security.web.servletapi.SecurityContextHolderAwareRequestFilter@7dd1fd41, org.springframework.security.web.authentication.AnonymousAuthenticationFilter@5b79457f, org.springframework.security.web.access.ExceptionTranslationFilter@229ba246, org.springframework.security.web.access.intercept.AuthorizationFilter@40c77f25]
2026-05-05 05:22:38 INFO  [main] o.s.b.a.h.H2ConsoleAutoConfiguration - H2 console available at '/h2-console'. Database available at 'jdbc:h2:mem:userdb'
2026-05-05 05:22:38 INFO  [main] o.s.b.t.m.w.SpringBootMockServletContext - Initializing Spring TestDispatcherServlet ''
2026-05-05 05:22:38 INFO  [main] o.s.t.w.s.TestDispatcherServlet - Initializing Servlet ''
2026-05-05 05:22:38 INFO  [main] o.s.t.w.s.TestDispatcherServlet - Completed initialization in 0 ms
2026-05-05 05:22:38 INFO  [main] c.d.u.c.UserControllerValidationIT - Started UserControllerValidationIT in 0.65 seconds (process running for 12.788)
2026-05-05 05:22:38 INFO  [main] c.d.u.controller.UserController - DELETE /users/99999 - Deleting user
2026-05-05 05:22:38 INFO  [main] c.d.u.service.UserService - Deleting user with id: 99999
2026-05-05 05:22:38 DEBUG [main] org.hibernate.SQL - 
    select
        count(*) 
    from
        users u1_0 
    where
        u1_0.id=?
Hibernate: 
    select
        count(*) 
    from
        users u1_0 
    where
        u1_0.id=?
2026-05-05 05:22:38 WARN  [main] c.d.u.e.GlobalExceptionHandler - User not found: User not found with id: 99999
]]></system-out>
  </testcase>
  <testcase name="getUserById_withStringId_returns400" classname="com.demo.usermanagement.controller.UserControllerValidationIT" time="0.592">
    <system-out><![CDATA[2026-05-05 05:22:38 INFO  [main] o.s.o.j.LocalContainerEntityManagerFactoryBean - Closing JPA EntityManagerFactory for persistence unit 'default'
2026-05-05 05:22:38 DEBUG [main] org.hibernate.SQL - 
    drop table if exists users cascade 
Hibernate: 
    drop table if exists users cascade 
2026-05-05 05:22:38 INFO  [main] com.zaxxer.hikari.HikariDataSource - HikariPool-8 - Shutdown initiated...
2026-05-05 05:22:38 INFO  [main] com.zaxxer.hikari.HikariDataSource - HikariPool-8 - Shutdown completed.

  .   ____          _            __ _ _
 /\\ / ___'_ __ _ _(_)_ __  __ _ \ \ \ \
( ( )\___ | '_ | '_| | '_ \/ _` | \ \ \ \
 \\/  ___)| |_)| | | | | || (_| |  ) ) ) )
  '  |____| .__|_| |_|_| |_\__, | / / / /
 =========|_|==============|___/=/_/_/_/
 :: Spring Boot ::                (v3.2.5)

2026-05-05 05:22:38 INFO  [main] c.d.u.c.UserControllerValidationIT - Starting UserControllerValidationIT using Java 17.0.18 with PID 5757 (started by runner in /home/runner/work/demowebapp1121/demowebapp1121)
2026-05-05 05:22:38 DEBUG [main] c.d.u.c.UserControllerValidationIT - Running with Spring Boot v3.2.5, Spring v6.1.6
2026-05-05 05:22:38 INFO  [main] c.d.u.c.UserControllerValidationIT - No active profile set, falling back to 1 default profile: "default"
2026-05-05 05:22:38 INFO  [main] o.s.d.r.c.RepositoryConfigurationDelegate - Bootstrapping Spring Data JPA repositories in DEFAULT mode.
2026-05-05 05:22:38 INFO  [main] o.s.d.r.c.RepositoryConfigurationDelegate - Finished Spring Data repository scanning in 3 ms. Found 1 JPA repository interface.
2026-05-05 05:22:38 INFO  [main] o.h.jpa.internal.util.LogHelper - HHH000204: Processing PersistenceUnitInfo [name: default]
2026-05-05 05:22:38 INFO  [main] o.h.c.i.RegionFactoryInitiator - HHH000026: Second-level cache disabled
2026-05-05 05:22:38 INFO  [main] o.s.o.j.p.SpringPersistenceUnitInfo - No LoadTimeWeaver setup: ignoring JPA class transformer
2026-05-05 05:22:38 INFO  [main] com.zaxxer.hikari.HikariDataSource - HikariPool-9 - Starting...
2026-05-05 05:22:38 INFO  [main] com.zaxxer.hikari.pool.HikariPool - HikariPool-9 - Added connection conn80: url=jdbc:h2:mem:userdb user=SA
2026-05-05 05:22:38 INFO  [main] com.zaxxer.hikari.HikariDataSource - HikariPool-9 - Start completed.
2026-05-05 05:22:38 WARN  [main] org.hibernate.orm.deprecation - HHH90000025: H2Dialect does not need to be specified explicitly using 'hibernate.dialect' (remove the property setting and it will be selected by default)
2026-05-05 05:22:38 INFO  [main] o.h.e.t.j.p.i.JtaPlatformInitiator - HHH000489: No JTA platform available (set 'hibernate.transaction.jta.platform' to enable JTA platform integration)
2026-05-05 05:22:38 DEBUG [main] org.hibernate.SQL - 
    drop table if exists users cascade 
Hibernate: 
    drop table if exists users cascade 
2026-05-05 05:22:38 DEBUG [main] org.hibernate.SQL - 
    create table users (
        id bigint generated by default as identity,
        name varchar(100) not null,
        email varchar(255) not null unique,
        password varchar(255) not null,
        role varchar(255) not null,
        primary key (id)
    )
Hibernate: 
    create table users (
        id bigint generated by default as identity,
        name varchar(100) not null,
        email varchar(255) not null unique,
        password varchar(255) not null,
        role varchar(255) not null,
        primary key (id)
    )
2026-05-05 05:22:38 INFO  [main] o.s.o.j.LocalContainerEntityManagerFactoryBean - Initialized JPA EntityManagerFactory for persistence unit 'default'
2026-05-05 05:22:38 WARN  [main] o.s.b.a.o.j.JpaBaseConfiguration$JpaWebConfiguration - spring.jpa.open-in-view is enabled by default. Therefore, database queries may be performed during view rendering. Explicitly configure spring.jpa.open-in-view to disable this warning
2026-05-05 05:22:38 WARN  [main] c.d.u.config.SecurityConfig - Loaded hardcoded in-memory users: admin/admin123, user/password. FOR DEMO ONLY.
2026-05-05 05:22:39 INFO  [main] o.s.b.a.e.web.EndpointLinksResolver - Exposing 13 endpoint(s) beneath base path '/actuator'
2026-05-05 05:22:39 WARN  [main] c.d.u.config.SecurityConfig - INSECURE SecurityConfig loaded - CSRF disabled, all endpoints open. FOR DEMO ONLY.
2026-05-05 05:22:39 INFO  [main] o.s.s.web.DefaultSecurityFilterChain - Will secure any request with [org.springframework.security.web.session.DisableEncodeUrlFilter@e2bfcfb, org.springframework.security.web.context.request.async.WebAsyncManagerIntegrationFilter@4c165a61, org.springframework.security.web.context.SecurityContextHolderFilter@71b5ab8c, org.springframework.security.web.header.HeaderWriterFilter@73e0f1b4, org.springframework.web.filter.CorsFilter@1ca06c48, org.springframework.security.web.authentication.logout.LogoutFilter@5ee54d21, org.springframework.security.web.authentication.www.BasicAuthenticationFilter@19fb7097, org.springframework.security.web.savedrequest.RequestCacheAwareFilter@31fcd2e3, org.springframework.security.web.servletapi.SecurityContextHolderAwareRequestFilter@518bab1a, org.springframework.security.web.authentication.AnonymousAuthenticationFilter@635fd09, org.springframework.security.web.access.ExceptionTranslationFilter@1f0f5174, org.springframework.security.web.access.intercept.AuthorizationFilter@40486321]
2026-05-05 05:22:39 INFO  [main] o.s.b.a.h.H2ConsoleAutoConfiguration - H2 console available at '/h2-console'. Database available at 'jdbc:h2:mem:userdb'
2026-05-05 05:22:39 INFO  [main] o.s.b.t.m.w.SpringBootMockServletContext - Initializing Spring TestDispatcherServlet ''
2026-05-05 05:22:39 INFO  [main] o.s.t.w.s.TestDispatcherServlet - Initializing Servlet ''
2026-05-05 05:22:39 INFO  [main] o.s.t.w.s.TestDispatcherServlet - Completed initialization in 1 ms
2026-05-05 05:22:39 INFO  [main] c.d.u.c.UserControllerValidationIT - Started UserControllerValidationIT in 0.568 seconds (process running for 13.538)
2026-05-05 05:22:39 WARN  [main] c.d.u.e.GlobalExceptionHandler - Type mismatch: Parameter 'id' must be of type Long
]]></system-out>
  </testcase>
  <testcase name="createUser_withDuplicateEmail_returns409" classname="com.demo.usermanagement.controller.UserControllerValidationIT" time="0.606">
    <system-out><![CDATA[2026-05-05 05:22:39 INFO  [main] o.s.o.j.LocalContainerEntityManagerFactoryBean - Closing JPA EntityManagerFactory for persistence unit 'default'
2026-05-05 05:22:39 DEBUG [main] org.hibernate.SQL - 
    drop table if exists users cascade 
Hibernate: 
    drop table if exists users cascade 
2026-05-05 05:22:39 INFO  [main] com.zaxxer.hikari.HikariDataSource - HikariPool-9 - Shutdown initiated...
2026-05-05 05:22:39 INFO  [main] com.zaxxer.hikari.HikariDataSource - HikariPool-9 - Shutdown completed.

  .   ____          _            __ _ _
 /\\ / ___'_ __ _ _(_)_ __  __ _ \ \ \ \
( ( )\___ | '_ | '_| | '_ \/ _` | \ \ \ \
 \\/  ___)| |_)| | | | | || (_| |  ) ) ) )
  '  |____| .__|_| |_|_| |_\__, | / / / /
 =========|_|==============|___/=/_/_/_/
 :: Spring Boot ::                (v3.2.5)

2026-05-05 05:22:39 INFO  [main] c.d.u.c.UserControllerValidationIT - Starting UserControllerValidationIT using Java 17.0.18 with PID 5757 (started by runner in /home/runner/work/demowebapp1121/demowebapp1121)
2026-05-05 05:22:39 DEBUG [main] c.d.u.c.UserControllerValidationIT - Running with Spring Boot v3.2.5, Spring v6.1.6
2026-05-05 05:22:39 INFO  [main] c.d.u.c.UserControllerValidationIT - No active profile set, falling back to 1 default profile: "default"
2026-05-05 05:22:39 INFO  [main] o.s.d.r.c.RepositoryConfigurationDelegate - Bootstrapping Spring Data JPA repositories in DEFAULT mode.
2026-05-05 05:22:39 INFO  [main] o.s.d.r.c.RepositoryConfigurationDelegate - Finished Spring Data repository scanning in 3 ms. Found 1 JPA repository interface.
2026-05-05 05:22:39 INFO  [main] o.h.jpa.internal.util.LogHelper - HHH000204: Processing PersistenceUnitInfo [name: default]
2026-05-05 05:22:39 INFO  [main] o.h.c.i.RegionFactoryInitiator - HHH000026: Second-level cache disabled
2026-05-05 05:22:39 INFO  [main] o.s.o.j.p.SpringPersistenceUnitInfo - No LoadTimeWeaver setup: ignoring JPA class transformer
2026-05-05 05:22:39 INFO  [main] com.zaxxer.hikari.HikariDataSource - HikariPool-10 - Starting...
2026-05-05 05:22:39 INFO  [main] com.zaxxer.hikari.pool.HikariPool - HikariPool-10 - Added connection conn90: url=jdbc:h2:mem:userdb user=SA
2026-05-05 05:22:39 INFO  [main] com.zaxxer.hikari.HikariDataSource - HikariPool-10 - Start completed.
2026-05-05 05:22:39 WARN  [main] org.hibernate.orm.deprecation - HHH90000025: H2Dialect does not need to be specified explicitly using 'hibernate.dialect' (remove the property setting and it will be selected by default)
2026-05-05 05:22:39 INFO  [main] o.h.e.t.j.p.i.JtaPlatformInitiator - HHH000489: No JTA platform available (set 'hibernate.transaction.jta.platform' to enable JTA platform integration)
2026-05-05 05:22:39 DEBUG [main] org.hibernate.SQL - 
    drop table if exists users cascade 
Hibernate: 
    drop table if exists users cascade 
2026-05-05 05:22:39 DEBUG [main] org.hibernate.SQL - 
    create table users (
        id bigint generated by default as identity,
        name varchar(100) not null,
        email varchar(255) not null unique,
        password varchar(255) not null,
        role varchar(255) not null,
        primary key (id)
    )
Hibernate: 
    create table users (
        id bigint generated by default as identity,
        name varchar(100) not null,
        email varchar(255) not null unique,
        password varchar(255) not null,
        role varchar(255) not null,
        primary key (id)
    )
2026-05-05 05:22:39 INFO  [main] o.s.o.j.LocalContainerEntityManagerFactoryBean - Initialized JPA EntityManagerFactory for persistence unit 'default'
2026-05-05 05:22:39 WARN  [main] o.s.b.a.o.j.JpaBaseConfiguration$JpaWebConfiguration - spring.jpa.open-in-view is enabled by default. Therefore, database queries may be performed during view rendering. Explicitly configure spring.jpa.open-in-view to disable this warning
2026-05-05 05:22:39 WARN  [main] c.d.u.config.SecurityConfig - Loaded hardcoded in-memory users: admin/admin123, user/password. FOR DEMO ONLY.
2026-05-05 05:22:39 INFO  [main] o.s.b.a.e.web.EndpointLinksResolver - Exposing 13 endpoint(s) beneath base path '/actuator'
2026-05-05 05:22:39 WARN  [main] c.d.u.config.SecurityConfig - INSECURE SecurityConfig loaded - CSRF disabled, all endpoints open. FOR DEMO ONLY.
2026-05-05 05:22:39 INFO  [main] o.s.s.web.DefaultSecurityFilterChain - Will secure any request with [org.springframework.security.web.session.DisableEncodeUrlFilter@73a2bb, org.springframework.security.web.context.request.async.WebAsyncManagerIntegrationFilter@64ae7221, org.springframework.security.web.context.SecurityContextHolderFilter@51bfcb7, org.springframework.security.web.header.HeaderWriterFilter@645de2a1, org.springframework.web.filter.CorsFilter@72025b75, org.springframework.security.web.authentication.logout.LogoutFilter@73e4e754, org.springframework.security.web.authentication.www.BasicAuthenticationFilter@7432017d, org.springframework.security.web.savedrequest.RequestCacheAwareFilter@3898ee5b, org.springframework.security.web.servletapi.SecurityContextHolderAwareRequestFilter@68b512c2, org.springframework.security.web.authentication.AnonymousAuthenticationFilter@6f39c6a8, org.springframework.security.web.access.ExceptionTranslationFilter@478135fa, org.springframework.security.web.access.intercept.AuthorizationFilter@278cd772]
2026-05-05 05:22:39 INFO  [main] o.s.b.a.h.H2ConsoleAutoConfiguration - H2 console available at '/h2-console'. Database available at 'jdbc:h2:mem:userdb'
2026-05-05 05:22:39 INFO  [main] o.s.b.t.m.w.SpringBootMockServletContext - Initializing Spring TestDispatcherServlet ''
2026-05-05 05:22:39 INFO  [main] o.s.t.w.s.TestDispatcherServlet - Initializing Servlet ''
2026-05-05 05:22:39 INFO  [main] o.s.t.w.s.TestDispatcherServlet - Completed initialization in 1 ms
2026-05-05 05:22:39 INFO  [main] c.d.u.c.UserControllerValidationIT - Started UserControllerValidationIT in 0.574 seconds (process running for 14.133)
2026-05-05 05:22:39 INFO  [main] c.d.u.controller.UserController - POST /users - Creating user: alice@example.com
2026-05-05 05:22:39 INFO  [main] c.d.u.service.UserService - Creating user with email: alice@example.com
2026-05-05 05:22:39 DEBUG [main] org.hibernate.SQL - 
    select
        u1_0.id,
        u1_0.email,
        u1_0.name,
        u1_0.password,
        u1_0.role 
    from
        users u1_0 
    where
        u1_0.email=?
Hibernate: 
    select
        u1_0.id,
        u1_0.email,
        u1_0.name,
        u1_0.password,
        u1_0.role 
    from
        users u1_0 
    where
        u1_0.email=?
2026-05-05 05:22:39 WARN  [main] c.d.u.e.GlobalExceptionHandler - Duplicate email: A user with email 'alice@example.com' already exists
]]></system-out>
  </testcase>
  <testcase name="createUser_withMalformedJson_returns400" classname="com.demo.usermanagement.controller.UserControllerValidationIT" time="0.594">
    <system-out><![CDATA[2026-05-05 05:22:39 INFO  [main] o.s.o.j.LocalContainerEntityManagerFactoryBean - Closing JPA EntityManagerFactory for persistence unit 'default'
2026-05-05 05:22:39 DEBUG [main] org.hibernate.SQL - 
    drop table if exists users cascade 
Hibernate: 
    drop table if exists users cascade 
2026-05-05 05:22:39 INFO  [main] com.zaxxer.hikari.HikariDataSource - HikariPool-10 - Shutdown initiated...
2026-05-05 05:22:39 INFO  [main] com.zaxxer.hikari.HikariDataSource - HikariPool-10 - Shutdown completed.

  .   ____          _            __ _ _
 /\\ / ___'_ __ _ _(_)_ __  __ _ \ \ \ \
( ( )\___ | '_ | '_| | '_ \/ _` | \ \ \ \
 \\/  ___)| |_)| | | | | || (_| |  ) ) ) )
  '  |____| .__|_| |_|_| |_\__, | / / / /
 =========|_|==============|___/=/_/_/_/
 :: Spring Boot ::                (v3.2.5)

2026-05-05 05:22:39 INFO  [main] c.d.u.c.UserControllerValidationIT - Starting UserControllerValidationIT using Java 17.0.18 with PID 5757 (started by runner in /home/runner/work/demowebapp1121/demowebapp1121)
2026-05-05 05:22:39 DEBUG [main] c.d.u.c.UserControllerValidationIT - Running with Spring Boot v3.2.5, Spring v6.1.6
2026-05-05 05:22:39 INFO  [main] c.d.u.c.UserControllerValidationIT - No active profile set, falling back to 1 default profile: "default"
2026-05-05 05:22:39 INFO  [main] o.s.d.r.c.RepositoryConfigurationDelegate - Bootstrapping Spring Data JPA repositories in DEFAULT mode.
2026-05-05 05:22:39 INFO  [main] o.s.d.r.c.RepositoryConfigurationDelegate - Finished Spring Data repository scanning in 3 ms. Found 1 JPA repository interface.
2026-05-05 05:22:39 INFO  [main] o.h.jpa.internal.util.LogHelper - HHH000204: Processing PersistenceUnitInfo [name: default]
2026-05-05 05:22:39 INFO  [main] o.h.c.i.RegionFactoryInitiator - HHH000026: Second-level cache disabled
2026-05-05 05:22:39 INFO  [main] o.s.o.j.p.SpringPersistenceUnitInfo - No LoadTimeWeaver setup: ignoring JPA class transformer
2026-05-05 05:22:39 INFO  [main] com.zaxxer.hikari.HikariDataSource - HikariPool-11 - Starting...
2026-05-05 05:22:39 INFO  [main] com.zaxxer.hikari.pool.HikariPool - HikariPool-11 - Added connection conn100: url=jdbc:h2:mem:userdb user=SA
2026-05-05 05:22:39 INFO  [main] com.zaxxer.hikari.HikariDataSource - HikariPool-11 - Start completed.
2026-05-05 05:22:39 WARN  [main] org.hibernate.orm.deprecation - HHH90000025: H2Dialect does not need to be specified explicitly using 'hibernate.dialect' (remove the property setting and it will be selected by default)
2026-05-05 05:22:39 INFO  [main] o.h.e.t.j.p.i.JtaPlatformInitiator - HHH000489: No JTA platform available (set 'hibernate.transaction.jta.platform' to enable JTA platform integration)
2026-05-05 05:22:39 DEBUG [main] org.hibernate.SQL - 
    drop table if exists users cascade 
Hibernate: 
    drop table if exists users cascade 
2026-05-05 05:22:39 DEBUG [main] org.hibernate.SQL - 
    create table users (
        id bigint generated by default as identity,
        name varchar(100) not null,
        email varchar(255) not null unique,
        password varchar(255) not null,
        role varchar(255) not null,
        primary key (id)
    )
Hibernate: 
    create table users (
        id bigint generated by default as identity,
        name varchar(100) not null,
        email varchar(255) not null unique,
        password varchar(255) not null,
        role varchar(255) not null,
        primary key (id)
    )
2026-05-05 05:22:39 INFO  [main] o.s.o.j.LocalContainerEntityManagerFactoryBean - Initialized JPA EntityManagerFactory for persistence unit 'default'
2026-05-05 05:22:40 WARN  [main] o.s.b.a.o.j.JpaBaseConfiguration$JpaWebConfiguration - spring.jpa.open-in-view is enabled by default. Therefore, database queries may be performed during view rendering. Explicitly configure spring.jpa.open-in-view to disable this warning
2026-05-05 05:22:40 WARN  [main] c.d.u.config.SecurityConfig - Loaded hardcoded in-memory users: admin/admin123, user/password. FOR DEMO ONLY.
2026-05-05 05:22:40 INFO  [main] o.s.b.a.e.web.EndpointLinksResolver - Exposing 13 endpoint(s) beneath base path '/actuator'
2026-05-05 05:22:40 WARN  [main] c.d.u.config.SecurityConfig - INSECURE SecurityConfig loaded - CSRF disabled, all endpoints open. FOR DEMO ONLY.
2026-05-05 05:22:40 INFO  [main] o.s.s.web.DefaultSecurityFilterChain - Will secure any request with [org.springframework.security.web.session.DisableEncodeUrlFilter@7dcca43f, org.springframework.security.web.context.request.async.WebAsyncManagerIntegrationFilter@5f5375cf, org.springframework.security.web.context.SecurityContextHolderFilter@7eb16482, org.springframework.security.web.header.HeaderWriterFilter@4f9834bf, org.springframework.web.filter.CorsFilter@119f84ee, org.springframework.security.web.authentication.logout.LogoutFilter@7f8e4389, org.springframework.security.web.authentication.www.BasicAuthenticationFilter@324332a, org.springframework.security.web.savedrequest.RequestCacheAwareFilter@169f0825, org.springframework.security.web.servletapi.SecurityContextHolderAwareRequestFilter@3dd00ebc, org.springframework.security.web.authentication.AnonymousAuthenticationFilter@10d0d92f, org.springframework.security.web.access.ExceptionTranslationFilter@611ebcfa, org.springframework.security.web.access.intercept.AuthorizationFilter@6c275adf]
2026-05-05 05:22:40 INFO  [main] o.s.b.a.h.H2ConsoleAutoConfiguration - H2 console available at '/h2-console'. Database available at 'jdbc:h2:mem:userdb'
2026-05-05 05:22:40 INFO  [main] o.s.b.t.m.w.SpringBootMockServletContext - Initializing Spring TestDispatcherServlet ''
2026-05-05 05:22:40 INFO  [main] o.s.t.w.s.TestDispatcherServlet - Initializing Servlet ''
2026-05-05 05:22:40 INFO  [main] o.s.t.w.s.TestDispatcherServlet - Completed initialization in 1 ms
2026-05-05 05:22:40 INFO  [main] c.d.u.c.UserControllerValidationIT - Started UserControllerValidationIT in 0.574 seconds (process running for 14.74)
2026-05-05 05:22:40 WARN  [main] c.d.u.e.GlobalExceptionHandler - Malformed request body: JSON parse error: Unexpected character ('t' (code 116)): was expecting double-quote to start field name
]]></system-out>
  </testcase>
</testsuite>