<?xml version="1.0" encoding="UTF-8"?>
<testsuite xmlns:xsi="http://www.w3.org/2001/XMLSchema-instance" xsi:noNamespaceSchemaLocation="https://maven.apache.org/surefire/maven-surefire-plugin/xsd/surefire-test-report-3.0.xsd" version="3.0" name="com.demo.usermanagement.controller.UserControllerValidationTest" time="10.268" tests="11" errors="0" skipped="0" failures="0">
  <properties>
[...]
</properties>
  <testcase name="updateUser_withNonExistentId_returns404WithErrorBody" classname="com.demo.usermanagement.controller.UserControllerValidationTest" time="1.075">
    <system-out><![CDATA[2026-05-05 05:25:12 INFO  [main] o.s.t.c.s.AnnotationConfigContextLoaderUtils - Could not detect default configuration classes for test class [com.demo.usermanagement.controller.UserControllerValidationTest]: UserControllerValidationTest does not declare any static, non-private, non-final, nested classes annotated with @Configuration.
2026-05-05 05:25:12 INFO  [main] o.s.b.t.c.SpringBootTestContextBootstrapper - Found @SpringBootConfiguration com.demo.usermanagement.UserManagementApplication for test class com.demo.usermanagement.controller.UserControllerValidationTest

  .   ____          _            __ _ _
 /\\ / ___'_ __ _ _(_)_ __  __ _ \ \ \ \
( ( )\___ | '_ | '_| | '_ \/ _` | \ \ \ \
 \\/  ___)| |_)| | | | | || (_| |  ) ) ) )
  '  |____| .__|_| |_|_| |_\__, | / / / /
 =========|_|==============|___/=/_/_/_/
 :: Spring Boot ::                (v3.2.5)

2026-05-05 05:25:12 INFO  [main] c.d.u.c.UserControllerValidationTest - Starting UserControllerValidationTest using Java 17.0.18 with PID 6882 (started by runner in /home/runner/work/demowebapp1121/demowebapp1121)
2026-05-05 05:25:12 DEBUG [main] c.d.u.c.UserControllerValidationTest - Running with Spring Boot v3.2.5, Spring v6.1.6
2026-05-05 05:25:12 INFO  [main] c.d.u.c.UserControllerValidationTest - No active profile set, falling back to 1 default profile: "default"
2026-05-05 05:25:12 INFO  [main] o.s.d.r.c.RepositoryConfigurationDelegate - Bootstrapping Spring Data JPA repositories in DEFAULT mode.
2026-05-05 05:25:12 INFO  [main] o.s.d.r.c.RepositoryConfigurationDelegate - Finished Spring Data repository scanning in 5 ms. Found 1 JPA repository interface.
2026-05-05 05:25:12 INFO  [main] o.h.jpa.internal.util.LogHelper - HHH000204: Processing PersistenceUnitInfo [name: default]
2026-05-05 05:25:12 INFO  [main] o.h.c.i.RegionFactoryInitiator - HHH000026: Second-level cache disabled
2026-05-05 05:25:12 INFO  [main] o.s.o.j.p.SpringPersistenceUnitInfo - No LoadTimeWeaver setup: ignoring JPA class transformer
2026-05-05 05:25:12 INFO  [main] com.zaxxer.hikari.HikariDataSource - HikariPool-2 - Starting...
2026-05-05 05:25:12 INFO  [main] com.zaxxer.hikari.pool.HikariPool - HikariPool-2 - Added connection conn10: url=jdbc:h2:mem:userdb user=SA
2026-05-05 05:25:12 INFO  [main] com.zaxxer.hikari.HikariDataSource - HikariPool-2 - Start completed.
2026-05-05 05:25:12 WARN  [main] org.hibernate.orm.deprecation - HHH90000025: H2Dialect does not need to be specified explicitly using 'hibernate.dialect' (remove the property setting and it will be selected by default)
2026-05-05 05:25:12 INFO  [main] o.h.e.t.j.p.i.JtaPlatformInitiator - HHH000489: No JTA platform available (set 'hibernate.transaction.jta.platform' to enable JTA platform integration)
2026-05-05 05:25:12 DEBUG [main] org.hibernate.SQL - 
    drop table if exists users cascade 
Hibernate: 
    drop table if exists users cascade 
2026-05-05 05:25:12 DEBUG [main] org.hibernate.SQL - 
    create table users (
        id bigint generated by default as identity,
        name varchar(100) not null,
        email varchar(255) not null unique,
        password varchar(255) not null,
        role varchar(255) not null,
        primary key (id)
    )
Hibernate: 
    create table users (
        id bigint generated by default as identity,
        name varchar(100) not null,
        email varchar(255) not null unique,
        password varchar(255) not null,
        role varchar(255) not null,
        primary key (id)
    )
2026-05-05 05:25:12 INFO  [main] o.s.o.j.LocalContainerEntityManagerFactoryBean - Initialized JPA EntityManagerFactory for persistence unit 'default'
2026-05-05 05:25:12 WARN  [main] o.s.b.a.o.j.JpaBaseConfiguration$JpaWebConfiguration - spring.jpa.open-in-view is enabled by default. Therefore, database queries may be performed during view rendering. Explicitly configure spring.jpa.open-in-view to disable this warning
2026-05-05 05:25:12 WARN  [main] c.d.u.config.SecurityConfig - Loaded hardcoded in-memory users: admin/admin123, user/password. FOR DEMO ONLY.
2026-05-05 05:25:12 INFO  [main] o.s.b.a.e.web.EndpointLinksResolver - Exposing 13 endpoint(s) beneath base path '/actuator'
2026-05-05 05:25:12 WARN  [main] c.d.u.config.SecurityConfig - INSECURE SecurityConfig loaded - CSRF disabled, all endpoints open. FOR DEMO ONLY.
2026-05-05 05:25:12 INFO  [main] o.s.s.web.DefaultSecurityFilterChain - Will secure any request with [org.springframework.security.web.session.DisableEncodeUrlFilter@7f5179be, org.springframework.security.web.context.request.async.WebAsyncManagerIntegrationFilter@4295b0b8, org.springframework.security.web.context.SecurityContextHolderFilter@9bc10bd, org.springframework.security.web.header.HeaderWriterFilter@4567dcbc, org.springframework.web.filter.CorsFilter@ab8b1ef, org.springframework.security.web.authentication.logout.LogoutFilter@547a79cd, org.springframework.security.web.authentication.www.BasicAuthenticationFilter@c7a7d3, org.springframework.security.web.savedrequest.RequestCacheAwareFilter@5f160f9c, org.springframework.security.web.servletapi.SecurityContextHolderAwareRequestFilter@39d666e0, org.springframework.security.web.authentication.AnonymousAuthenticationFilter@3413effc, org.springframework.security.web.access.ExceptionTranslationFilter@4529b266, org.springframework.security.web.access.intercept.AuthorizationFilter@4c66b3d9]
2026-05-05 05:25:13 INFO  [main] o.s.b.a.h.H2ConsoleAutoConfiguration - H2 console available at '/h2-console'. Database available at 'jdbc:h2:mem:userdb'
2026-05-05 05:25:13 INFO  [main] o.s.b.t.m.w.SpringBootMockServletContext - Initializing Spring TestDispatcherServlet ''
2026-05-05 05:25:13 INFO  [main] o.s.t.w.s.TestDispatcherServlet - Initializing Servlet ''
2026-05-05 05:25:13 INFO  [main] o.s.t.w.s.TestDispatcherServlet - Completed initialization in 1 ms
2026-05-05 05:25:13 INFO  [main] c.d.u.c.UserControllerValidationTest - Started UserControllerValidationTest in 0.996 seconds (process running for 6.859)
2026-05-05 05:25:13 INFO  [main] o.s.o.j.LocalContainerEntityManagerFactoryBean - Closing JPA EntityManagerFactory for persistence unit 'default'
2026-05-05 05:25:13 DEBUG [main] org.hibernate.SQL - 
    drop table if exists users cascade 
Hibernate: 
    drop table if exists users cascade 
2026-05-05 05:25:13 INFO  [main] com.zaxxer.hikari.HikariDataSource - HikariPool-2 - Shutdown initiated...
2026-05-05 05:25:13 INFO  [main] com.zaxxer.hikari.HikariDataSource - HikariPool-2 - Shutdown completed.

  .   ____          _            __ _ _
 /\\ / ___'_ __ _ _(_)_ __  __ _ \ \ \ \
( ( )\___ | '_ | '_| | '_ \/ _` | \ \ \ \
 \\/  ___)| |_)| | | | | || (_| |  ) ) ) )
  '  |____| .__|_| |_|_| |_\__, | / / / /
 =========|_|==============|___/=/_/_/_/
 :: Spring Boot ::                (v3.2.5)

2026-05-05 05:25:13 INFO  [main] c.d.u.c.UserControllerValidationTest - Starting UserControllerValidationTest using Java 17.0.18 with PID 6882 (started by runner in /home/runner/work/demowebapp1121/demowebapp1121)
2026-05-05 05:25:13 DEBUG [main] c.d.u.c.UserControllerValidationTest - Running with Spring Boot v3.2.5, Spring v6.1.6
2026-05-05 05:25:13 INFO  [main] c.d.u.c.UserControllerValidationTest - No active profile set, falling back to 1 default profile: "default"
2026-05-05 05:25:13 INFO  [main] o.s.d.r.c.RepositoryConfigurationDelegate - Bootstrapping Spring Data JPA repositories in DEFAULT mode.
2026-05-05 05:25:13 INFO  [main] o.s.d.r.c.RepositoryConfigurationDelegate - Finished Spring Data repository scanning in 4 ms. Found 1 JPA repository interface.
2026-05-05 05:25:13 INFO  [main] o.h.jpa.internal.util.LogHelper - HHH000204: Processing PersistenceUnitInfo [name: default]
2026-05-05 05:25:13 INFO  [main] o.h.c.i.RegionFactoryInitiator - HHH000026: Second-level cache disabled
2026-05-05 05:25:13 INFO  [main] o.s.o.j.p.SpringPersistenceUnitInfo - No LoadTimeWeaver setup: ignoring JPA class transformer
2026-05-05 05:25:13 INFO  [main] com.zaxxer.hikari.HikariDataSource - HikariPool-3 - Starting...
2026-05-05 05:25:13 INFO  [main] com.zaxxer.hikari.pool.HikariPool - HikariPool-3 - Added connection conn20: url=jdbc:h2:mem:userdb user=SA
2026-05-05 05:25:13 INFO  [main] com.zaxxer.hikari.HikariDataSource - HikariPool-3 - Start completed.
2026-05-05 05:25:13 WARN  [main] org.hibernate.orm.deprecation - HHH90000025: H2Dialect does not need to be specified explicitly using 'hibernate.dialect' (remove the property setting and it will be selected by default)
2026-05-05 05:25:13 INFO  [main] o.h.e.t.j.p.i.JtaPlatformInitiator - HHH000489: No JTA platform available (set 'hibernate.transaction.jta.platform' to enable JTA platform integration)
2026-05-05 05:25:13 DEBUG [main] org.hibernate.SQL - 
    drop table if exists users cascade 
Hibernate: 
    drop table if exists users cascade 
2026-05-05 05:25:13 DEBUG [main] org.hibernate.SQL - 
    create table users (
        id bigint generated by default as identity,
        name varchar(100) not null,
        email varchar(255) not null unique,
        password varchar(255) not null,
        role varchar(255) not null,
        primary key (id)
    )
Hibernate: 
    create table users (
        id bigint generated by default as identity,
        name varchar(100) not null,
        email varchar(255) not null unique,
        password varchar(255) not null,
        role varchar(255) not null,
        primary key (id)
    )
2026-05-05 05:25:13 INFO  [main] o.s.o.j.LocalContainerEntityManagerFactoryBean - Initialized JPA EntityManagerFactory for persistence unit 'default'
2026-05-05 05:25:13 WARN  [main] o.s.b.a.o.j.JpaBaseConfiguration$JpaWebConfiguration - spring.jpa.open-in-view is enabled by default. Therefore, database queries may be performed during view rendering. Explicitly configure spring.jpa.open-in-view to disable this warning
2026-05-05 05:25:13 WARN  [main] c.d.u.config.SecurityConfig - Loaded hardcoded in-memory users: admin/admin123, user/password. FOR DEMO ONLY.
2026-05-05 05:25:13 INFO  [main] o.s.b.a.e.web.EndpointLinksResolver - Exposing 13 endpoint(s) beneath base path '/actuator'
2026-05-05 05:25:13 WARN  [main] c.d.u.config.SecurityConfig - INSECURE SecurityConfig loaded - CSRF disabled, all endpoints open. FOR DEMO ONLY.
2026-05-05 05:25:13 INFO  [main] o.s.s.web.DefaultSecurityFilterChain - Will secure any request with [org.springframework.security.web.session.DisableEncodeUrlFilter@3432a612, org.springframework.security.web.context.request.async.WebAsyncManagerIntegrationFilter@5e57149f, org.springframework.security.web.context.SecurityContextHolderFilter@76d448e6, org.springframework.security.web.header.HeaderWriterFilter@64cef807, org.springframework.web.filter.CorsFilter@737fd68, org.springframework.security.web.authentication.logout.LogoutFilter@30081ff4, org.springframework.security.web.authentication.www.BasicAuthenticationFilter@7f52aba0, org.springframework.security.web.savedrequest.RequestCacheAwareFilter@4d37c839, org.springframework.security.web.servletapi.SecurityContextHolderAwareRequestFilter@a184485, org.springframework.security.web.authentication.AnonymousAuthenticationFilter@7e1b750e, org.springframework.security.web.access.ExceptionTranslationFilter@3aee98e7, org.springframework.security.web.access.intercept.AuthorizationFilter@ed37e52]
2026-05-05 05:25:13 INFO  [main] o.s.b.a.h.H2ConsoleAutoConfiguration - H2 console available at '/h2-console'. Database available at 'jdbc:h2:mem:userdb'
2026-05-05 05:25:13 INFO  [main] o.s.b.t.m.w.SpringBootMockServletContext - Initializing Spring TestDispatcherServlet ''
2026-05-05 05:25:13 INFO  [main] o.s.t.w.s.TestDispatcherServlet - Initializing Servlet ''
2026-05-05 05:25:13 INFO  [main] o.s.t.w.s.TestDispatcherServlet - Completed initialization in 0 ms
2026-05-05 05:25:13 INFO  [main] c.d.u.c.UserControllerValidationTest - Started UserControllerValidationTest in 0.859 seconds (process running for 7.733)
2026-05-05 05:25:14 INFO  [main] c.d.u.controller.UserController - PUT /users/99999 - Updating user
2026-05-05 05:25:14 INFO  [main] c.d.u.service.UserService - Updating user with id: 99999
2026-05-05 05:25:14 DEBUG [main] org.hibernate.SQL - 
    select
        u1_0.id,
        u1_0.email,
        u1_0.name,
        u1_0.password,
        u1_0.role 
    from
        users u1_0 
    where
        u1_0.id=?
Hibernate: 
    select
        u1_0.id,
        u1_0.email,
        u1_0.name,
        u1_0.password,
        u1_0.role 
    from
        users u1_0 
    where
        u1_0.id=?
2026-05-05 05:25:14 WARN  [main] c.d.u.e.GlobalExceptionHandler - User not found: User not found with id: 99999
]]></system-out>
  </testcase>
  <testcase name="createUser_withInvalidEmail_returns400WithDetails" classname="com.demo.usermanagement.controller.UserControllerValidationTest" time="0.916">
    <system-out><![CDATA[2026-05-05 05:25:14 INFO  [main] o.s.o.j.LocalContainerEntityManagerFactoryBean - Closing JPA EntityManagerFactory for persistence unit 'default'
2026-05-05 05:25:14 DEBUG [main] org.hibernate.SQL - 
    drop table if exists users cascade 
Hibernate: 
    drop table if exists users cascade 
2026-05-05 05:25:14 INFO  [main] com.zaxxer.hikari.HikariDataSource - HikariPool-3 - Shutdown initiated...
2026-05-05 05:25:14 INFO  [main] com.zaxxer.hikari.HikariDataSource - HikariPool-3 - Shutdown completed.

  .   ____          _            __ _ _
 /\\ / ___'_ __ _ _(_)_ __  __ _ \ \ \ \
( ( )\___ | '_ | '_| | '_ \/ _` | \ \ \ \
 \\/  ___)| |_)| | | | | || (_| |  ) ) ) )
  '  |____| .__|_| |_|_| |_\__, | / / / /
 =========|_|==============|___/=/_/_/_/
 :: Spring Boot ::                (v3.2.5)

2026-05-05 05:25:14 INFO  [main] c.d.u.c.UserControllerValidationTest - Starting UserControllerValidationTest using Java 17.0.18 with PID 6882 (started by runner in /home/runner/work/demowebapp1121/demowebapp1121)
2026-05-05 05:25:14 DEBUG [main] c.d.u.c.UserControllerValidationTest - Running with Spring Boot v3.2.5, Spring v6.1.6
2026-05-05 05:25:14 INFO  [main] c.d.u.c.UserControllerValidationTest - No active profile set, falling back to 1 default profile: "default"
2026-05-05 05:25:14 INFO  [main] o.s.d.r.c.RepositoryConfigurationDelegate - Bootstrapping Spring Data JPA repositories in DEFAULT mode.
2026-05-05 05:25:14 INFO  [main] o.s.d.r.c.RepositoryConfigurationDelegate - Finished Spring Data repository scanning in 4 ms. Found 1 JPA repository interface.
2026-05-05 05:25:14 INFO  [main] o.h.jpa.internal.util.LogHelper - HHH000204: Processing PersistenceUnitInfo [name: default]
2026-05-05 05:25:14 INFO  [main] o.h.c.i.RegionFactoryInitiator - HHH000026: Second-level cache disabled
2026-05-05 05:25:14 INFO  [main] o.s.o.j.p.SpringPersistenceUnitInfo - No LoadTimeWeaver setup: ignoring JPA class transformer
2026-05-05 05:25:14 INFO  [main] com.zaxxer.hikari.HikariDataSource - HikariPool-4 - Starting...
2026-05-05 05:25:14 INFO  [main] com.zaxxer.hikari.pool.HikariPool - HikariPool-4 - Added connection conn30: url=jdbc:h2:mem:userdb user=SA
2026-05-05 05:25:14 INFO  [main] com.zaxxer.hikari.HikariDataSource - HikariPool-4 - Start completed.
2026-05-05 05:25:14 WARN  [main] org.hibernate.orm.deprecation - HHH90000025: H2Dialect does not need to be specified explicitly using 'hibernate.dialect' (remove the property setting and it will be selected by default)
2026-05-05 05:25:14 INFO  [main] o.h.e.t.j.p.i.JtaPlatformInitiator - HHH000489: No JTA platform available (set 'hibernate.transaction.jta.platform' to enable JTA platform integration)
2026-05-05 05:25:14 DEBUG [main] org.hibernate.SQL - 
    drop table if exists users cascade 
Hibernate: 
    drop table if exists users cascade 
2026-05-05 05:25:14 DEBUG [main] org.hibernate.SQL - 
    create table users (
        id bigint generated by default as identity,
        name varchar(100) not null,
        email varchar(255) not null unique,
        password varchar(255) not null,
        role varchar(255) not null,
        primary key (id)
    )
Hibernate: 
    create table users (
        id bigint generated by default as identity,
        name varchar(100) not null,
        email varchar(255) not null unique,
        password varchar(255) not null,
        role varchar(255) not null,
        primary key (id)
    )
2026-05-05 05:25:14 INFO  [main] o.s.o.j.LocalContainerEntityManagerFactoryBean - Initialized JPA EntityManagerFactory for persistence unit 'default'
2026-05-05 05:25:14 WARN  [main] o.s.b.a.o.j.JpaBaseConfiguration$JpaWebConfiguration - spring.jpa.open-in-view is enabled by default. Therefore, database queries may be performed during view rendering. Explicitly configure spring.jpa.open-in-view to disable this warning
2026-05-05 05:25:14 WARN  [main] c.d.u.config.SecurityConfig - Loaded hardcoded in-memory users: admin/admin123, user/password. FOR DEMO ONLY.
2026-05-05 05:25:14 INFO  [main] o.s.b.a.e.web.EndpointLinksResolver - Exposing 13 endpoint(s) beneath base path '/actuator'
2026-05-05 05:25:14 WARN  [main] c.d.u.config.SecurityConfig - INSECURE SecurityConfig loaded - CSRF disabled, all endpoints open. FOR DEMO ONLY.
2026-05-05 05:25:14 INFO  [main] o.s.s.web.DefaultSecurityFilterChain - Will secure any request with [org.springframework.security.web.session.DisableEncodeUrlFilter@9a28f5d, org.springframework.security.web.context.request.async.WebAsyncManagerIntegrationFilter@339c14ff, org.springframework.security.web.context.SecurityContextHolderFilter@360e9b23, org.springframework.security.web.header.HeaderWriterFilter@4a6a4f20, org.springframework.web.filter.CorsFilter@6f4bafc2, org.springframework.security.web.authentication.logout.LogoutFilter@671bda0b, org.springframework.security.web.authentication.www.BasicAuthenticationFilter@18744e18, org.springframework.security.web.savedrequest.RequestCacheAwareFilter@4436ee23, org.springframework.security.web.servletapi.SecurityContextHolderAwareRequestFilter@1c057fc8, org.springframework.security.web.authentication.AnonymousAuthenticationFilter@390645a, org.springframework.security.web.access.ExceptionTranslationFilter@56de4d71, org.springframework.security.web.access.intercept.AuthorizationFilter@7bcf808e]
2026-05-05 05:25:15 INFO  [main] o.s.b.a.h.H2ConsoleAutoConfiguration - H2 console available at '/h2-console'. Database available at 'jdbc:h2:mem:userdb'
2026-05-05 05:25:15 INFO  [main] o.s.b.t.m.w.SpringBootMockServletContext - Initializing Spring TestDispatcherServlet ''
2026-05-05 05:25:15 INFO  [main] o.s.t.w.s.TestDispatcherServlet - Initializing Servlet ''
2026-05-05 05:25:15 INFO  [main] o.s.t.w.s.TestDispatcherServlet - Completed initialization in 1 ms
2026-05-05 05:25:15 INFO  [main] c.d.u.c.UserControllerValidationTest - Started UserControllerValidationTest in 0.87 seconds (process running for 8.817)
2026-05-05 05:25:15 WARN  [main] c.d.u.e.GlobalExceptionHandler - Validation failed: [email: Email must be a valid email address]
]]></system-out>
  </testcase>
  <testcase name="createUser_withShortPassword_returns400WithDetails" classname="com.demo.usermanagement.controller.UserControllerValidationTest" time="1.04">
    <system-out><![CDATA[2026-05-05 05:25:15 INFO  [main] o.s.o.j.LocalContainerEntityManagerFactoryBean - Closing JPA EntityManagerFactory for persistence unit 'default'
2026-05-05 05:25:15 DEBUG [main] org.hibernate.SQL - 
    drop table if exists users cascade 
Hibernate: 
    drop table if exists users cascade 
2026-05-05 05:25:15 INFO  [main] com.zaxxer.hikari.HikariDataSource - HikariPool-4 - Shutdown initiated...
2026-05-05 05:25:15 INFO  [main] com.zaxxer.hikari.HikariDataSource - HikariPool-4 - Shutdown completed.

  .   ____          _            __ _ _
 /\\ / ___'_ __ _ _(_)_ __  __ _ \ \ \ \
( ( )\___ | '_ | '_| | '_ \/ _` | \ \ \ \
 \\/  ___)| |_)| | | | | || (_| |  ) ) ) )
  '  |____| .__|_| |_|_| |_\__, | / / / /
 =========|_|==============|___/=/_/_/_/
 :: Spring Boot ::                (v3.2.5)

2026-05-05 05:25:15 INFO  [main] c.d.u.c.UserControllerValidationTest - Starting UserControllerValidationTest using Java 17.0.18 with PID 6882 (started by runner in /home/runner/work/demowebapp1121/demowebapp1121)
2026-05-05 05:25:15 DEBUG [main] c.d.u.c.UserControllerValidationTest - Running with Spring Boot v3.2.5, Spring v6.1.6
2026-05-05 05:25:15 INFO  [main] c.d.u.c.UserControllerValidationTest - No active profile set, falling back to 1 default profile: "default"
2026-05-05 05:25:15 INFO  [main] o.s.d.r.c.RepositoryConfigurationDelegate - Bootstrapping Spring Data JPA repositories in DEFAULT mode.
2026-05-05 05:25:15 INFO  [main] o.s.d.r.c.RepositoryConfigurationDelegate - Finished Spring Data repository scanning in 4 ms. Found 1 JPA repository interface.
2026-05-05 05:25:15 INFO  [main] o.h.jpa.internal.util.LogHelper - HHH000204: Processing PersistenceUnitInfo [name: default]
2026-05-05 05:25:15 INFO  [main] o.h.c.i.RegionFactoryInitiator - HHH000026: Second-level cache disabled
2026-05-05 05:25:15 INFO  [main] o.s.o.j.p.SpringPersistenceUnitInfo - No LoadTimeWeaver setup: ignoring JPA class transformer
2026-05-05 05:25:15 INFO  [main] com.zaxxer.hikari.HikariDataSource - HikariPool-5 - Starting...
2026-05-05 05:25:15 INFO  [main] com.zaxxer.hikari.pool.HikariPool - HikariPool-5 - Added connection conn40: url=jdbc:h2:mem:userdb user=SA
2026-05-05 05:25:15 INFO  [main] com.zaxxer.hikari.HikariDataSource - HikariPool-5 - Start completed.
2026-05-05 05:25:15 WARN  [main] org.hibernate.orm.deprecation - HHH90000025: H2Dialect does not need to be specified explicitly using 'hibernate.dialect' (remove the property setting and it will be selected by default)
2026-05-05 05:25:15 INFO  [main] o.h.e.t.j.p.i.JtaPlatformInitiator - HHH000489: No JTA platform available (set 'hibernate.transaction.jta.platform' to enable JTA platform integration)
2026-05-05 05:25:15 DEBUG [main] org.hibernate.SQL - 
    drop table if exists users cascade 
Hibernate: 
    drop table if exists users cascade 
2026-05-05 05:25:15 DEBUG [main] org.hibernate.SQL - 
    create table users (
        id bigint generated by default as identity,
        name varchar(100) not null,
        email varchar(255) not null unique,
        password varchar(255) not null,
        role varchar(255) not null,
        primary key (id)
    )
Hibernate: 
    create table users (
        id bigint generated by default as identity,
        name varchar(100) not null,
        email varchar(255) not null unique,
        password varchar(255) not null,
        role varchar(255) not null,
        primary key (id)
    )
2026-05-05 05:25:15 INFO  [main] o.s.o.j.LocalContainerEntityManagerFactoryBean - Initialized JPA EntityManagerFactory for persistence unit 'default'
2026-05-05 05:25:15 WARN  [main] o.s.b.a.o.j.JpaBaseConfiguration$JpaWebConfiguration - spring.jpa.open-in-view is enabled by default. Therefore, database queries may be performed during view rendering. Explicitly configure spring.jpa.open-in-view to disable this warning
2026-05-05 05:25:15 WARN  [main] c.d.u.config.SecurityConfig - Loaded hardcoded in-memory users: admin/admin123, user/password. FOR DEMO ONLY.
2026-05-05 05:25:15 INFO  [main] o.s.b.a.e.web.EndpointLinksResolver - Exposing 13 endpoint(s) beneath base path '/actuator'
2026-05-05 05:25:15 WARN  [main] c.d.u.config.SecurityConfig - INSECURE SecurityConfig loaded - CSRF disabled, all endpoints open. FOR DEMO ONLY.
2026-05-05 05:25:15 INFO  [main] o.s.s.web.DefaultSecurityFilterChain - Will secure any request with [org.springframework.security.web.session.DisableEncodeUrlFilter@4a8f6f49, org.springframework.security.web.context.request.async.WebAsyncManagerIntegrationFilter@7383536, org.springframework.security.web.context.SecurityContextHolderFilter@12b4cf0b, org.springframework.security.web.header.HeaderWriterFilter@48505cf2, org.springframework.web.filter.CorsFilter@5eb5556b, org.springframework.security.web.authentication.logout.LogoutFilter@12a9cd43, org.springframework.security.web.authentication.www.BasicAuthenticationFilter@7df60197, org.springframework.security.web.savedrequest.RequestCacheAwareFilter@676f8fab, org.springframework.security.web.servletapi.SecurityContextHolderAwareRequestFilter@7a953b17, org.springframework.security.web.authentication.AnonymousAuthenticationFilter@5b9bdb00, org.springframework.security.web.access.ExceptionTranslationFilter@5ad583a9, org.springframework.security.web.access.intercept.AuthorizationFilter@1eb306f9]
2026-05-05 05:25:16 INFO  [main] o.s.b.a.h.H2ConsoleAutoConfiguration - H2 console available at '/h2-console'. Database available at 'jdbc:h2:mem:userdb'
2026-05-05 05:25:16 INFO  [main] o.s.b.t.m.w.SpringBootMockServletContext - Initializing Spring TestDispatcherServlet ''
2026-05-05 05:25:16 INFO  [main] o.s.t.w.s.TestDispatcherServlet - Initializing Servlet ''
2026-05-05 05:25:16 INFO  [main] o.s.t.w.s.TestDispatcherServlet - Completed initialization in 1 ms
2026-05-05 05:25:16 INFO  [main] c.d.u.c.UserControllerValidationTest - Started UserControllerValidationTest in 1.005 seconds (process running for 9.869)
2026-05-05 05:25:16 WARN  [main] c.d.u.e.GlobalExceptionHandler - Validation failed: [password: Password must be at least 6 characters]
]]></system-out>
  </testcase>
  <testcase name="createUser_withValidData_returns201" classname="com.demo.usermanagement.controller.UserControllerValidationTest" time="1.124">
    <system-out><![CDATA[2026-05-05 05:25:16 INFO  [main] o.s.o.j.LocalContainerEntityManagerFactoryBean - Closing JPA EntityManagerFactory for persistence unit 'default'
2026-05-05 05:25:16 DEBUG [main] org.hibernate.SQL - 
    drop table if exists users cascade 
Hibernate: 
    drop table if exists users cascade 
2026-05-05 05:25:16 INFO  [main] com.zaxxer.hikari.HikariDataSource - HikariPool-5 - Shutdown initiated...
2026-05-05 05:25:16 INFO  [main] com.zaxxer.hikari.HikariDataSource - HikariPool-5 - Shutdown completed.

  .   ____          _            __ _ _
 /\\ / ___'_ __ _ _(_)_ __  __ _ \ \ \ \
( ( )\___ | '_ | '_| | '_ \/ _` | \ \ \ \
 \\/  ___)| |_)| | | | | || (_| |  ) ) ) )
  '  |____| .__|_| |_|_| |_\__, | / / / /
 =========|_|==============|___/=/_/_/_/
 :: Spring Boot ::                (v3.2.5)

2026-05-05 05:25:16 INFO  [main] c.d.u.c.UserControllerValidationTest - Starting UserControllerValidationTest using Java 17.0.18 with PID 6882 (started by runner in /home/runner/work/demowebapp1121/demowebapp1121)
2026-05-05 05:25:16 DEBUG [main] c.d.u.c.UserControllerValidationTest - Running with Spring Boot v3.2.5, Spring v6.1.6
2026-05-05 05:25:16 INFO  [main] c.d.u.c.UserControllerValidationTest - No active profile set, falling back to 1 default profile: "default"
2026-05-05 05:25:16 INFO  [main] o.s.d.r.c.RepositoryConfigurationDelegate - Bootstrapping Spring Data JPA repositories in DEFAULT mode.
2026-05-05 05:25:16 INFO  [main] o.s.d.r.c.RepositoryConfigurationDelegate - Finished Spring Data repository scanning in 4 ms. Found 1 JPA repository interface.
2026-05-05 05:25:16 INFO  [main] o.h.jpa.internal.util.LogHelper - HHH000204: Processing PersistenceUnitInfo [name: default]
2026-05-05 05:25:16 INFO  [main] o.h.c.i.RegionFactoryInitiator - HHH000026: Second-level cache disabled
2026-05-05 05:25:16 INFO  [main] o.s.o.j.p.SpringPersistenceUnitInfo - No LoadTimeWeaver setup: ignoring JPA class transformer
2026-05-05 05:25:16 INFO  [main] com.zaxxer.hikari.HikariDataSource - HikariPool-6 - Starting...
2026-05-05 05:25:16 INFO  [main] com.zaxxer.hikari.pool.HikariPool - HikariPool-6 - Added connection conn50: url=jdbc:h2:mem:userdb user=SA
2026-05-05 05:25:16 INFO  [main] com.zaxxer.hikari.HikariDataSource - HikariPool-6 - Start completed.
2026-05-05 05:25:16 WARN  [main] org.hibernate.orm.deprecation - HHH90000025: H2Dialect does not need to be specified explicitly using 'hibernate.dialect' (remove the property setting and it will be selected by default)
2026-05-05 05:25:16 INFO  [main] o.h.e.t.j.p.i.JtaPlatformInitiator - HHH000489: No JTA platform available (set 'hibernate.transaction.jta.platform' to enable JTA platform integration)
2026-05-05 05:25:16 DEBUG [main] org.hibernate.SQL - 
    drop table if exists users cascade 
Hibernate: 
    drop table if exists users cascade 
2026-05-05 05:25:16 DEBUG [main] org.hibernate.SQL - 
    create table users (
        id bigint generated by default as identity,
        name varchar(100) not null,
        email varchar(255) not null unique,
        password varchar(255) not null,
        role varchar(255) not null,
        primary key (id)
    )
Hibernate: 
    create table users (
        id bigint generated by default as identity,
        name varchar(100) not null,
        email varchar(255) not null unique,
        password varchar(255) not null,
        role varchar(255) not null,
        primary key (id)
    )
2026-05-05 05:25:16 INFO  [main] o.s.o.j.LocalContainerEntityManagerFactoryBean - Initialized JPA EntityManagerFactory for persistence unit 'default'
2026-05-05 05:25:16 WARN  [main] o.s.b.a.o.j.JpaBaseConfiguration$JpaWebConfiguration - spring.jpa.open-in-view is enabled by default. Therefore, database queries may be performed during view rendering. Explicitly configure spring.jpa.open-in-view to disable this warning
2026-05-05 05:25:16 WARN  [main] c.d.u.config.SecurityConfig - Loaded hardcoded in-memory users: admin/admin123, user/password. FOR DEMO ONLY.
2026-05-05 05:25:16 INFO  [main] o.s.b.a.e.web.EndpointLinksResolver - Exposing 13 endpoint(s) beneath base path '/actuator'
2026-05-05 05:25:16 WARN  [main] c.d.u.config.SecurityConfig - INSECURE SecurityConfig loaded - CSRF disabled, all endpoints open. FOR DEMO ONLY.
2026-05-05 05:25:16 INFO  [main] o.s.s.web.DefaultSecurityFilterChain - Will secure any request with [org.springframework.security.web.session.DisableEncodeUrlFilter@1eb830fd, org.springframework.security.web.context.request.async.WebAsyncManagerIntegrationFilter@65585400, org.springframework.security.web.context.SecurityContextHolderFilter@4f714688, org.springframework.security.web.header.HeaderWriterFilter@620c558e, org.springframework.web.filter.CorsFilter@29c15179, org.springframework.security.web.authentication.logout.LogoutFilter@4a114a53, org.springframework.security.web.authentication.www.BasicAuthenticationFilter@11fd4cd6, org.springframework.security.web.savedrequest.RequestCacheAwareFilter@a3331e4, org.springframework.security.web.servletapi.SecurityContextHolderAwareRequestFilter@212e3150, org.springframework.security.web.authentication.AnonymousAuthenticationFilter@4fbb0c0b, org.springframework.security.web.access.ExceptionTranslationFilter@55c5690d, org.springframework.security.web.access.intercept.AuthorizationFilter@3d29a22d]
2026-05-05 05:25:17 INFO  [main] o.s.b.a.h.H2ConsoleAutoConfiguration - H2 console available at '/h2-console'. Database available at 'jdbc:h2:mem:userdb'
2026-05-05 05:25:17 INFO  [main] o.s.b.t.m.w.SpringBootMockServletContext - Initializing Spring TestDispatcherServlet ''
2026-05-05 05:25:17 INFO  [main] o.s.t.w.s.TestDispatcherServlet - Initializing Servlet ''
2026-05-05 05:25:17 INFO  [main] o.s.t.w.s.TestDispatcherServlet - Completed initialization in 0 ms
2026-05-05 05:25:17 INFO  [main] c.d.u.c.UserControllerValidationTest - Started UserControllerValidationTest in 0.976 seconds (process running for 10.881)
2026-05-05 05:25:17 INFO  [main] c.d.u.controller.UserController - POST /users - Creating user: newuser@example.com
2026-05-05 05:25:17 INFO  [main] c.d.u.service.UserService - Creating user with email: newuser@example.com
2026-05-05 05:25:17 DEBUG [main] org.hibernate.SQL - 
    select
        u1_0.id,
        u1_0.email,
        u1_0.name,
        u1_0.password,
        u1_0.role 
    from
        users u1_0 
    where
        u1_0.email=?
Hibernate: 
    select
        u1_0.id,
        u1_0.email,
        u1_0.name,
        u1_0.password,
        u1_0.role 
    from
        users u1_0 
    where
        u1_0.email=?
2026-05-05 05:25:17 DEBUG [main] org.hibernate.SQL - 
    insert 
    into
        users
        (email, name, password, role, id) 
    values
        (?, ?, ?, ?, default)
Hibernate: 
    insert 
    into
        users
        (email, name, password, role, id) 
    values
        (?, ?, ?, ?, default)
2026-05-05 05:25:17 INFO  [main] c.d.u.service.UserService - User created with id: 6
2026-05-05 05:25:17 DEBUG [main] c.d.u.service.UserService - User details after save: name=Bob, email=newuser@example.com, role=USER
]]></system-out>
  </testcase>
  <testcase name="createUser_withBlankName_returns400WithDetails" classname="com.demo.usermanagement.controller.UserControllerValidationTest" time="0.945">
    <system-out><![CDATA[2026-05-05 05:25:17 INFO  [main] o.s.o.j.LocalContainerEntityManagerFactoryBean - Closing JPA EntityManagerFactory for persistence unit 'default'
2026-05-05 05:25:17 DEBUG [main] org.hibernate.SQL - 
    drop table if exists users cascade 
Hibernate: 
    drop table if exists users cascade 
2026-05-05 05:25:17 INFO  [main] com.zaxxer.hikari.HikariDataSource - HikariPool-6 - Shutdown initiated...
2026-05-05 05:25:17 INFO  [main] com.zaxxer.hikari.HikariDataSource - HikariPool-6 - Shutdown completed.

  .   ____          _            __ _ _
 /\\ / ___'_ __ _ _(_)_ __  __ _ \ \ \ \
( ( )\___ | '_ | '_| | '_ \/ _` | \ \ \ \
 \\/  ___)| |_)| | | | | || (_| |  ) ) ) )
  '  |____| .__|_| |_|_| |_\__, | / / / /
 =========|_|==============|___/=/_/_/_/
 :: Spring Boot ::                (v3.2.5)

2026-05-05 05:25:17 INFO  [main] c.d.u.c.UserControllerValidationTest - Starting UserControllerValidationTest using Java 17.0.18 with PID 6882 (started by runner in /home/runner/work/demowebapp1121/demowebapp1121)
2026-05-05 05:25:17 DEBUG [main] c.d.u.c.UserControllerValidationTest - Running with Spring Boot v3.2.5, Spring v6.1.6
2026-05-05 05:25:17 INFO  [main] c.d.u.c.UserControllerValidationTest - No active profile set, falling back to 1 default profile: "default"
2026-05-05 05:25:17 INFO  [main] o.s.d.r.c.RepositoryConfigurationDelegate - Bootstrapping Spring Data JPA repositories in DEFAULT mode.
2026-05-05 05:25:17 INFO  [main] o.s.d.r.c.RepositoryConfigurationDelegate - Finished Spring Data repository scanning in 3 ms. Found 1 JPA repository interface.
2026-05-05 05:25:17 INFO  [main] o.h.jpa.internal.util.LogHelper - HHH000204: Processing PersistenceUnitInfo [name: default]
2026-05-05 05:25:17 INFO  [main] o.h.c.i.RegionFactoryInitiator - HHH000026: Second-level cache disabled
2026-05-05 05:25:17 INFO  [main] o.s.o.j.p.SpringPersistenceUnitInfo - No LoadTimeWeaver setup: ignoring JPA class transformer
2026-05-05 05:25:17 INFO  [main] com.zaxxer.hikari.HikariDataSource - HikariPool-7 - Starting...
2026-05-05 05:25:17 INFO  [main] com.zaxxer.hikari.pool.HikariPool - HikariPool-7 - Added connection conn60: url=jdbc:h2:mem:userdb user=SA
2026-05-05 05:25:17 INFO  [main] com.zaxxer.hikari.HikariDataSource - HikariPool-7 - Start completed.
2026-05-05 05:25:17 WARN  [main] org.hibernate.orm.deprecation - HHH90000025: H2Dialect does not need to be specified explicitly using 'hibernate.dialect' (remove the property setting and it will be selected by default)
2026-05-05 05:25:17 INFO  [main] o.h.e.t.j.p.i.JtaPlatformInitiator - HHH000489: No JTA platform available (set 'hibernate.transaction.jta.platform' to enable JTA platform integration)
2026-05-05 05:25:17 DEBUG [main] org.hibernate.SQL - 
    drop table if exists users cascade 
Hibernate: 
    drop table if exists users cascade 
2026-05-05 05:25:17 DEBUG [main] org.hibernate.SQL - 
    create table users (
        id bigint generated by default as identity,
        name varchar(100) not null,
        email varchar(255) not null unique,
        password varchar(255) not null,
        role varchar(255) not null,
        primary key (id)
    )
Hibernate: 
    create table users (
        id bigint generated by default as identity,
        name varchar(100) not null,
        email varchar(255) not null unique,
        password varchar(255) not null,
        role varchar(255) not null,
        primary key (id)
    )
2026-05-05 05:25:17 INFO  [main] o.s.o.j.LocalContainerEntityManagerFactoryBean - Initialized JPA EntityManagerFactory for persistence unit 'default'
2026-05-05 05:25:17 WARN  [main] o.s.b.a.o.j.JpaBaseConfiguration$JpaWebConfiguration - spring.jpa.open-in-view is enabled by default. Therefore, database queries may be performed during view rendering. Explicitly configure spring.jpa.open-in-view to disable this warning
2026-05-05 05:25:17 WARN  [main] c.d.u.config.SecurityConfig - Loaded hardcoded in-memory users: admin/admin123, user/password. FOR DEMO ONLY.
2026-05-05 05:25:17 INFO  [main] o.s.b.a.e.web.EndpointLinksResolver - Exposing 13 endpoint(s) beneath base path '/actuator'
2026-05-05 05:25:17 WARN  [main] c.d.u.config.SecurityConfig - INSECURE SecurityConfig loaded - CSRF disabled, all endpoints open. FOR DEMO ONLY.
2026-05-05 05:25:17 INFO  [main] o.s.s.web.DefaultSecurityFilterChain - Will secure any request with [org.springframework.security.web.session.DisableEncodeUrlFilter@4523432, org.springframework.security.web.context.request.async.WebAsyncManagerIntegrationFilter@9f2a220, org.springframework.security.web.context.SecurityContextHolderFilter@70f04941, org.springframework.security.web.header.HeaderWriterFilter@7e486dcf, org.springframework.web.filter.CorsFilter@7e47eb95, org.springframework.security.web.authentication.logout.LogoutFilter@7cd92d04, org.springframework.security.web.authentication.www.BasicAuthenticationFilter@cb023a3, org.springframework.security.web.savedrequest.RequestCacheAwareFilter@67b12a7, org.springframework.security.web.servletapi.SecurityContextHolderAwareRequestFilter@679a6394, org.springframework.security.web.authentication.AnonymousAuthenticationFilter@7dee0a5, org.springframework.security.web.access.ExceptionTranslationFilter@60dac476, org.springframework.security.web.access.intercept.AuthorizationFilter@498055a9]
2026-05-05 05:25:18 INFO  [main] o.s.b.a.h.H2ConsoleAutoConfiguration - H2 console available at '/h2-console'. Database available at 'jdbc:h2:mem:userdb'
2026-05-05 05:25:18 INFO  [main] o.s.b.t.m.w.SpringBootMockServletContext - Initializing Spring TestDispatcherServlet ''
2026-05-05 05:25:18 INFO  [main] o.s.t.w.s.TestDispatcherServlet - Initializing Servlet ''
2026-05-05 05:25:18 INFO  [main] o.s.t.w.s.TestDispatcherServlet - Completed initialization in 1 ms
2026-05-05 05:25:18 INFO  [main] c.d.u.c.UserControllerValidationTest - Started UserControllerValidationTest in 0.912 seconds (process running for 11.94)
2026-05-05 05:25:18 WARN  [main] c.d.u.e.GlobalExceptionHandler - Validation failed: [name: Name must be between 2 and 100 characters, name: Name is required]
]]></system-out>
  </testcase>
  <testcase name="getUserById_withNonExistentId_returns404WithErrorBody" classname="com.demo.usermanagement.controller.UserControllerValidationTest" time="0.857">
    <system-out><![CDATA[2026-05-05 05:25:18 INFO  [main] o.s.o.j.LocalContainerEntityManagerFactoryBean - Closing JPA EntityManagerFactory for persistence unit 'default'
2026-05-05 05:25:18 DEBUG [main] org.hibernate.SQL - 
    drop table if exists users cascade 
Hibernate: 
    drop table if exists users cascade 
2026-05-05 05:25:18 INFO  [main] com.zaxxer.hikari.HikariDataSource - HikariPool-7 - Shutdown initiated...
2026-05-05 05:25:18 INFO  [main] com.zaxxer.hikari.HikariDataSource - HikariPool-7 - Shutdown completed.

  .   ____          _            __ _ _
 /\\ / ___'_ __ _ _(_)_ __  __ _ \ \ \ \
( ( )\___ | '_ | '_| | '_ \/ _` | \ \ \ \
 \\/  ___)| |_)| | | | | || (_| |  ) ) ) )
  '  |____| .__|_| |_|_| |_\__, | / / / /
 =========|_|==============|___/=/_/_/_/
 :: Spring Boot ::                (v3.2.5)

2026-05-05 05:25:18 INFO  [main] c.d.u.c.UserControllerValidationTest - Starting UserControllerValidationTest using Java 17.0.18 with PID 6882 (started by runner in /home/runner/work/demowebapp1121/demowebapp1121)
2026-05-05 05:25:18 DEBUG [main] c.d.u.c.UserControllerValidationTest - Running with Spring Boot v3.2.5, Spring v6.1.6
2026-05-05 05:25:18 INFO  [main] c.d.u.c.UserControllerValidationTest - No active profile set, falling back to 1 default profile: "default"
2026-05-05 05:25:18 INFO  [main] o.s.d.r.c.RepositoryConfigurationDelegate - Bootstrapping Spring Data JPA repositories in DEFAULT mode.
2026-05-05 05:25:18 INFO  [main] o.s.d.r.c.RepositoryConfigurationDelegate - Finished Spring Data repository scanning in 3 ms. Found 1 JPA repository interface.
2026-05-05 05:25:18 INFO  [main] o.h.jpa.internal.util.LogHelper - HHH000204: Processing PersistenceUnitInfo [name: default]
2026-05-05 05:25:18 INFO  [main] o.h.c.i.RegionFactoryInitiator - HHH000026: Second-level cache disabled
2026-05-05 05:25:18 INFO  [main] o.s.o.j.p.SpringPersistenceUnitInfo - No LoadTimeWeaver setup: ignoring JPA class transformer
2026-05-05 05:25:18 INFO  [main] com.zaxxer.hikari.HikariDataSource - HikariPool-8 - Starting...
2026-05-05 05:25:18 INFO  [main] com.zaxxer.hikari.pool.HikariPool - HikariPool-8 - Added connection conn70: url=jdbc:h2:mem:userdb user=SA
2026-05-05 05:25:18 INFO  [main] com.zaxxer.hikari.HikariDataSource - HikariPool-8 - Start completed.
2026-05-05 05:25:18 WARN  [main] org.hibernate.orm.deprecation - HHH90000025: H2Dialect does not need to be specified explicitly using 'hibernate.dialect' (remove the property setting and it will be selected by default)
2026-05-05 05:25:18 INFO  [main] o.h.e.t.j.p.i.JtaPlatformInitiator - HHH000489: No JTA platform available (set 'hibernate.transaction.jta.platform' to enable JTA platform integration)
2026-05-05 05:25:18 DEBUG [main] org.hibernate.SQL - 
    drop table if exists users cascade 
Hibernate: 
    drop table if exists users cascade 
2026-05-05 05:25:18 DEBUG [main] org.hibernate.SQL - 
    create table users (
        id bigint generated by default as identity,
        name varchar(100) not null,
        email varchar(255) not null unique,
        password varchar(255) not null,
        role varchar(255) not null,
        primary key (id)
    )
Hibernate: 
    create table users (
        id bigint generated by default as identity,
        name varchar(100) not null,
        email varchar(255) not null unique,
        password varchar(255) not null,
        role varchar(255) not null,
        primary key (id)
    )
2026-05-05 05:25:18 INFO  [main] o.s.o.j.LocalContainerEntityManagerFactoryBean - Initialized JPA EntityManagerFactory for persistence unit 'default'
2026-05-05 05:25:18 WARN  [main] o.s.b.a.o.j.JpaBaseConfiguration$JpaWebConfiguration - spring.jpa.open-in-view is enabled by default. Therefore, database queries may be performed during view rendering. Explicitly configure spring.jpa.open-in-view to disable this warning
2026-05-05 05:25:18 WARN  [main] c.d.u.config.SecurityConfig - Loaded hardcoded in-memory users: admin/admin123, user/password. FOR DEMO ONLY.
2026-05-05 05:25:18 INFO  [main] o.s.b.a.e.web.EndpointLinksResolver - Exposing 13 endpoint(s) beneath base path '/actuator'
2026-05-05 05:25:18 WARN  [main] c.d.u.config.SecurityConfig - INSECURE SecurityConfig loaded - CSRF disabled, all endpoints open. FOR DEMO ONLY.
2026-05-05 05:25:18 INFO  [main] o.s.s.web.DefaultSecurityFilterChain - Will secure any request with [org.springframework.security.web.session.DisableEncodeUrlFilter@7de9f662, org.springframework.security.web.context.request.async.WebAsyncManagerIntegrationFilter@3500ab03, org.springframework.security.web.context.SecurityContextHolderFilter@6191335f, org.springframework.security.web.header.HeaderWriterFilter@7fced31f, org.springframework.web.filter.CorsFilter@5bf7d08f, org.springframework.security.web.authentication.logout.LogoutFilter@3d67e1b7, org.springframework.security.web.authentication.www.BasicAuthenticationFilter@8781b3f, org.springframework.security.web.savedrequest.RequestCacheAwareFilter@1923037, org.springframework.security.web.servletapi.SecurityContextHolderAwareRequestFilter@6334178e, org.springframework.security.web.authentication.AnonymousAuthenticationFilter@2a77a5d3, org.springframework.security.web.access.ExceptionTranslationFilter@2488fd50, org.springframework.security.web.access.intercept.AuthorizationFilter@7fec168e]
2026-05-05 05:25:19 INFO  [main] o.s.b.a.h.H2ConsoleAutoConfiguration - H2 console available at '/h2-console'. Database available at 'jdbc:h2:mem:userdb'
2026-05-05 05:25:19 INFO  [main] o.s.b.t.m.w.SpringBootMockServletContext - Initializing Spring TestDispatcherServlet ''
2026-05-05 05:25:19 INFO  [main] o.s.t.w.s.TestDispatcherServlet - Initializing Servlet ''
2026-05-05 05:25:19 INFO  [main] o.s.t.w.s.TestDispatcherServlet - Completed initialization in 0 ms
2026-05-05 05:25:19 INFO  [main] c.d.u.c.UserControllerValidationTest - Started UserControllerValidationTest in 0.833 seconds (process running for 12.807)
2026-05-05 05:25:19 INFO  [main] c.d.u.controller.UserController - GET /users/99999 - Fetching user
2026-05-05 05:25:19 INFO  [main] c.d.u.service.UserService - Fetching user by id: 99999
2026-05-05 05:25:19 DEBUG [main] org.hibernate.SQL - 
    select
        u1_0.id,
        u1_0.email,
        u1_0.name,
        u1_0.password,
        u1_0.role 
    from
        users u1_0 
    where
        u1_0.id=?
Hibernate: 
    select
        u1_0.id,
        u1_0.email,
        u1_0.name,
        u1_0.password,
        u1_0.role 
    from
        users u1_0 
    where
        u1_0.id=?
2026-05-05 05:25:19 WARN  [main] c.d.u.e.GlobalExceptionHandler - User not found: User not found with id: 99999
]]></system-out>
  </testcase>
  <testcase name="createUser_withoutRole_defaultsToUser" classname="com.demo.usermanagement.controller.UserControllerValidationTest" time="0.631">
    <system-out><![CDATA[2026-05-05 05:25:19 INFO  [main] o.s.o.j.LocalContainerEntityManagerFactoryBean - Closing JPA EntityManagerFactory for persistence unit 'default'
2026-05-05 05:25:19 DEBUG [main] org.hibernate.SQL - 
    drop table if exists users cascade 
Hibernate: 
    drop table if exists users cascade 
2026-05-05 05:25:19 INFO  [main] com.zaxxer.hikari.HikariDataSource - HikariPool-8 - Shutdown initiated...
2026-05-05 05:25:19 INFO  [main] com.zaxxer.hikari.HikariDataSource - HikariPool-8 - Shutdown completed.

  .   ____          _            __ _ _
 /\\ / ___'_ __ _ _(_)_ __  __ _ \ \ \ \
( ( )\___ | '_ | '_| | '_ \/ _` | \ \ \ \
 \\/  ___)| |_)| | | | | || (_| |  ) ) ) )
  '  |____| .__|_| |_|_| |_\__, | / / / /
 =========|_|==============|___/=/_/_/_/
 :: Spring Boot ::                (v3.2.5)

2026-05-05 05:25:19 INFO  [main] c.d.u.c.UserControllerValidationTest - Starting UserControllerValidationTest using Java 17.0.18 with PID 6882 (started by runner in /home/runner/work/demowebapp1121/demowebapp1121)
2026-05-05 05:25:19 DEBUG [main] c.d.u.c.UserControllerValidationTest - Running with Spring Boot v3.2.5, Spring v6.1.6
2026-05-05 05:25:19 INFO  [main] c.d.u.c.UserControllerValidationTest - No active profile set, falling back to 1 default profile: "default"
2026-05-05 05:25:19 INFO  [main] o.s.d.r.c.RepositoryConfigurationDelegate - Bootstrapping Spring Data JPA repositories in DEFAULT mode.
2026-05-05 05:25:19 INFO  [main] o.s.d.r.c.RepositoryConfigurationDelegate - Finished Spring Data repository scanning in 3 ms. Found 1 JPA repository interface.
2026-05-05 05:25:19 INFO  [main] o.h.jpa.internal.util.LogHelper - HHH000204: Processing PersistenceUnitInfo [name: default]
2026-05-05 05:25:19 INFO  [main] o.h.c.i.RegionFactoryInitiator - HHH000026: Second-level cache disabled
2026-05-05 05:25:19 INFO  [main] o.s.o.j.p.SpringPersistenceUnitInfo - No LoadTimeWeaver setup: ignoring JPA class transformer
2026-05-05 05:25:19 INFO  [main] com.zaxxer.hikari.HikariDataSource - HikariPool-9 - Starting...
2026-05-05 05:25:19 INFO  [main] com.zaxxer.hikari.pool.HikariPool - HikariPool-9 - Added connection conn80: url=jdbc:h2:mem:userdb user=SA
2026-05-05 05:25:19 INFO  [main] com.zaxxer.hikari.HikariDataSource - HikariPool-9 - Start completed.
2026-05-05 05:25:19 WARN  [main] org.hibernate.orm.deprecation - HHH90000025: H2Dialect does not need to be specified explicitly using 'hibernate.dialect' (remove the property setting and it will be selected by default)
2026-05-05 05:25:19 INFO  [main] o.h.e.t.j.p.i.JtaPlatformInitiator - HHH000489: No JTA platform available (set 'hibernate.transaction.jta.platform' to enable JTA platform integration)
2026-05-05 05:25:19 DEBUG [main] org.hibernate.SQL - 
    drop table if exists users cascade 
Hibernate: 
    drop table if exists users cascade 
2026-05-05 05:25:19 DEBUG [main] org.hibernate.SQL - 
    create table users (
        id bigint generated by default as identity,
        name varchar(100) not null,
        email varchar(255) not null unique,
        password varchar(255) not null,
        role varchar(255) not null,
        primary key (id)
    )
Hibernate: 
    create table users (
        id bigint generated by default as identity,
        name varchar(100) not null,
        email varchar(255) not null unique,
        password varchar(255) not null,
        role varchar(255) not null,
        primary key (id)
    )
2026-05-05 05:25:19 INFO  [main] o.s.o.j.LocalContainerEntityManagerFactoryBean - Initialized JPA EntityManagerFactory for persistence unit 'default'
2026-05-05 05:25:19 WARN  [main] o.s.b.a.o.j.JpaBaseConfiguration$JpaWebConfiguration - spring.jpa.open-in-view is enabled by default. Therefore, database queries may be performed during view rendering. Explicitly configure spring.jpa.open-in-view to disable this warning
2026-05-05 05:25:19 WARN  [main] c.d.u.config.SecurityConfig - Loaded hardcoded in-memory users: admin/admin123, user/password. FOR DEMO ONLY.
2026-05-05 05:25:19 INFO  [main] o.s.b.a.e.web.EndpointLinksResolver - Exposing 13 endpoint(s) beneath base path '/actuator'
2026-05-05 05:25:19 WARN  [main] c.d.u.config.SecurityConfig - INSECURE SecurityConfig loaded - CSRF disabled, all endpoints open. FOR DEMO ONLY.
2026-05-05 05:25:19 INFO  [main] o.s.s.web.DefaultSecurityFilterChain - Will secure any request with [org.springframework.security.web.session.DisableEncodeUrlFilter@48a875b3, org.springframework.security.web.context.request.async.WebAsyncManagerIntegrationFilter@57c4738e, org.springframework.security.web.context.SecurityContextHolderFilter@20a7e171, org.springframework.security.web.header.HeaderWriterFilter@1b9e5334, org.springframework.web.filter.CorsFilter@5ae09ff, org.springframework.security.web.authentication.logout.LogoutFilter@5c81bb16, org.springframework.security.web.authentication.www.BasicAuthenticationFilter@15114c44, org.springframework.security.web.savedrequest.RequestCacheAwareFilter@7828b500, org.springframework.security.web.servletapi.SecurityContextHolderAwareRequestFilter@2e6d294e, org.springframework.security.web.authentication.AnonymousAuthenticationFilter@6f0e1b71, org.springframework.security.web.access.ExceptionTranslationFilter@293c1612, org.springframework.security.web.access.intercept.AuthorizationFilter@61fe8807]
2026-05-05 05:25:19 INFO  [main] o.s.b.a.h.H2ConsoleAutoConfiguration - H2 console available at '/h2-console'. Database available at 'jdbc:h2:mem:userdb'
2026-05-05 05:25:19 INFO  [main] o.s.b.t.m.w.SpringBootMockServletContext - Initializing Spring TestDispatcherServlet ''
2026-05-05 05:25:19 INFO  [main] o.s.t.w.s.TestDispatcherServlet - Initializing Servlet ''
2026-05-05 05:25:19 INFO  [main] o.s.t.w.s.TestDispatcherServlet - Completed initialization in 1 ms
2026-05-05 05:25:19 INFO  [main] c.d.u.c.UserControllerValidationTest - Started UserControllerValidationTest in 0.598 seconds (process running for 13.431)
2026-05-05 05:25:19 INFO  [main] c.d.u.controller.UserController - POST /users - Creating user: charlie2@example.com
2026-05-05 05:25:19 INFO  [main] c.d.u.service.UserService - Creating user with email: charlie2@example.com
2026-05-05 05:25:19 DEBUG [main] org.hibernate.SQL - 
    select
        u1_0.id,
        u1_0.email,
        u1_0.name,
        u1_0.password,
        u1_0.role 
    from
        users u1_0 
    where
        u1_0.email=?
Hibernate: 
    select
        u1_0.id,
        u1_0.email,
        u1_0.name,
        u1_0.password,
        u1_0.role 
    from
        users u1_0 
    where
        u1_0.email=?
2026-05-05 05:25:19 DEBUG [main] org.hibernate.SQL - 
    insert 
    into
        users
        (email, name, password, role, id) 
    values
        (?, ?, ?, ?, default)
Hibernate: 
    insert 
    into
        users
        (email, name, password, role, id) 
    values
        (?, ?, ?, ?, default)
2026-05-05 05:25:19 INFO  [main] c.d.u.service.UserService - User created with id: 6
2026-05-05 05:25:19 DEBUG [main] c.d.u.service.UserService - User details after save: name=Charlie, email=charlie2@example.com, role=USER
]]></system-out>
  </testcase>
  <testcase name="deleteUser_withNonExistentId_returns404WithErrorBody" classname="com.demo.usermanagement.controller.UserControllerValidationTest" time="0.773">
    <system-out><![CDATA[2026-05-05 05:25:19 INFO  [main] o.s.o.j.LocalContainerEntityManagerFactoryBean - Closing JPA EntityManagerFactory for persistence unit 'default'
2026-05-05 05:25:19 DEBUG [main] org.hibernate.SQL - 
    drop table if exists users cascade 
Hibernate: 
    drop table if exists users cascade 
2026-05-05 05:25:19 INFO  [main] com.zaxxer.hikari.HikariDataSource - HikariPool-9 - Shutdown initiated...
2026-05-05 05:25:19 INFO  [main] com.zaxxer.hikari.HikariDataSource - HikariPool-9 - Shutdown completed.

  .   ____          _            __ _ _
 /\\ / ___'_ __ _ _(_)_ __  __ _ \ \ \ \
( ( )\___ | '_ | '_| | '_ \/ _` | \ \ \ \
 \\/  ___)| |_)| | | | | || (_| |  ) ) ) )
  '  |____| .__|_| |_|_| |_\__, | / / / /
 =========|_|==============|___/=/_/_/_/
 :: Spring Boot ::                (v3.2.5)

2026-05-05 05:25:19 INFO  [main] c.d.u.c.UserControllerValidationTest - Starting UserControllerValidationTest using Java 17.0.18 with PID 6882 (started by runner in /home/runner/work/demowebapp1121/demowebapp1121)
2026-05-05 05:25:19 DEBUG [main] c.d.u.c.UserControllerValidationTest - Running with Spring Boot v3.2.5, Spring v6.1.6
2026-05-05 05:25:19 INFO  [main] c.d.u.c.UserControllerValidationTest - No active profile set, falling back to 1 default profile: "default"
2026-05-05 05:25:19 INFO  [main] o.s.d.r.c.RepositoryConfigurationDelegate - Bootstrapping Spring Data JPA repositories in DEFAULT mode.
2026-05-05 05:25:19 INFO  [main] o.s.d.r.c.RepositoryConfigurationDelegate - Finished Spring Data repository scanning in 3 ms. Found 1 JPA repository interface.
2026-05-05 05:25:19 INFO  [main] o.h.jpa.internal.util.LogHelper - HHH000204: Processing PersistenceUnitInfo [name: default]
2026-05-05 05:25:19 INFO  [main] o.h.c.i.RegionFactoryInitiator - HHH000026: Second-level cache disabled
2026-05-05 05:25:19 INFO  [main] o.s.o.j.p.SpringPersistenceUnitInfo - No LoadTimeWeaver setup: ignoring JPA class transformer
2026-05-05 05:25:19 INFO  [main] com.zaxxer.hikari.HikariDataSource - HikariPool-10 - Starting...
2026-05-05 05:25:19 INFO  [main] com.zaxxer.hikari.pool.HikariPool - HikariPool-10 - Added connection conn90: url=jdbc:h2:mem:userdb user=SA
2026-05-05 05:25:19 INFO  [main] com.zaxxer.hikari.HikariDataSource - HikariPool-10 - Start completed.
2026-05-05 05:25:19 WARN  [main] org.hibernate.orm.deprecation - HHH90000025: H2Dialect does not need to be specified explicitly using 'hibernate.dialect' (remove the property setting and it will be selected by default)
2026-05-05 05:25:19 INFO  [main] o.h.e.t.j.p.i.JtaPlatformInitiator - HHH000489: No JTA platform available (set 'hibernate.transaction.jta.platform' to enable JTA platform integration)
2026-05-05 05:25:19 DEBUG [main] org.hibernate.SQL - 
    drop table if exists users cascade 
Hibernate: 
    drop table if exists users cascade 
2026-05-05 05:25:19 DEBUG [main] org.hibernate.SQL - 
    create table users (
        id bigint generated by default as identity,
        name varchar(100) not null,
        email varchar(255) not null unique,
        password varchar(255) not null,
        role varchar(255) not null,
        primary key (id)
    )
Hibernate: 
    create table users (
        id bigint generated by default as identity,
        name varchar(100) not null,
        email varchar(255) not null unique,
        password varchar(255) not null,
        role varchar(255) not null,
        primary key (id)
    )
2026-05-05 05:25:19 INFO  [main] o.s.o.j.LocalContainerEntityManagerFactoryBean - Initialized JPA EntityManagerFactory for persistence unit 'default'
2026-05-05 05:25:20 WARN  [main] o.s.b.a.o.j.JpaBaseConfiguration$JpaWebConfiguration - spring.jpa.open-in-view is enabled by default. Therefore, database queries may be performed during view rendering. Explicitly configure spring.jpa.open-in-view to disable this warning
2026-05-05 05:25:20 WARN  [main] c.d.u.config.SecurityConfig - Loaded hardcoded in-memory users: admin/admin123, user/password. FOR DEMO ONLY.
2026-05-05 05:25:20 INFO  [main] o.s.b.a.e.web.EndpointLinksResolver - Exposing 13 endpoint(s) beneath base path '/actuator'
2026-05-05 05:25:20 WARN  [main] c.d.u.config.SecurityConfig - INSECURE SecurityConfig loaded - CSRF disabled, all endpoints open. FOR DEMO ONLY.
2026-05-05 05:25:20 INFO  [main] o.s.s.web.DefaultSecurityFilterChain - Will secure any request with [org.springframework.security.web.session.DisableEncodeUrlFilter@7051f39a, org.springframework.security.web.context.request.async.WebAsyncManagerIntegrationFilter@34d9d307, org.springframework.security.web.context.SecurityContextHolderFilter@2afb3317, org.springframework.security.web.header.HeaderWriterFilter@36cae6ee, org.springframework.web.filter.CorsFilter@74e8ae5e, org.springframework.security.web.authentication.logout.LogoutFilter@5b71fb8c, org.springframework.security.web.authentication.www.BasicAuthenticationFilter@3a1fda65, org.springframework.security.web.savedrequest.RequestCacheAwareFilter@3a14eb93, org.springframework.security.web.servletapi.SecurityContextHolderAwareRequestFilter@1839a424, org.springframework.security.web.authentication.AnonymousAuthenticationFilter@283f20ea, org.springframework.security.web.access.ExceptionTranslationFilter@4139998e, org.springframework.security.web.access.intercept.AuthorizationFilter@6b4163b5]
2026-05-05 05:25:20 INFO  [main] o.s.b.a.h.H2ConsoleAutoConfiguration - H2 console available at '/h2-console'. Database available at 'jdbc:h2:mem:userdb'
2026-05-05 05:25:20 INFO  [main] o.s.b.t.m.w.SpringBootMockServletContext - Initializing Spring TestDispatcherServlet ''
2026-05-05 05:25:20 INFO  [main] o.s.t.w.s.TestDispatcherServlet - Initializing Servlet ''
2026-05-05 05:25:20 INFO  [main] o.s.t.w.s.TestDispatcherServlet - Completed initialization in 0 ms
2026-05-05 05:25:20 INFO  [main] c.d.u.c.UserControllerValidationTest - Started UserControllerValidationTest in 0.599 seconds (process running for 14.062)
2026-05-05 05:25:20 INFO  [main] c.d.u.controller.UserController - DELETE /users/99999 - Deleting user
2026-05-05 05:25:20 INFO  [main] c.d.u.service.UserService - Deleting user with id: 99999
2026-05-05 05:25:20 DEBUG [main] org.hibernate.SQL - 
    select
        count(*) 
    from
        users u1_0 
    where
        u1_0.id=?
Hibernate: 
    select
        count(*) 
    from
        users u1_0 
    where
        u1_0.id=?
2026-05-05 05:25:20 WARN  [main] c.d.u.e.GlobalExceptionHandler - User not found: User not found with id: 99999
]]></system-out>
  </testcase>
  <testcase name="getUserById_withStringId_returns400" classname="com.demo.usermanagement.controller.UserControllerValidationTest" time="0.702">
    <system-out><![CDATA[2026-05-05 05:25:20 INFO  [main] o.s.o.j.LocalContainerEntityManagerFactoryBean - Closing JPA EntityManagerFactory for persistence unit 'default'
2026-05-05 05:25:20 DEBUG [main] org.hibernate.SQL - 
    drop table if exists users cascade 
Hibernate: 
    drop table if exists users cascade 
2026-05-05 05:25:20 INFO  [main] com.zaxxer.hikari.HikariDataSource - HikariPool-10 - Shutdown initiated...
2026-05-05 05:25:20 INFO  [main] com.zaxxer.hikari.HikariDataSource - HikariPool-10 - Shutdown completed.

  .   ____          _            __ _ _
 /\\ / ___'_ __ _ _(_)_ __  __ _ \ \ \ \
( ( )\___ | '_ | '_| | '_ \/ _` | \ \ \ \
 \\/  ___)| |_)| | | | | || (_| |  ) ) ) )
  '  |____| .__|_| |_|_| |_\__, | / / / /
 =========|_|==============|___/=/_/_/_/
 :: Spring Boot ::                (v3.2.5)

2026-05-05 05:25:20 INFO  [main] c.d.u.c.UserControllerValidationTest - Starting UserControllerValidationTest using Java 17.0.18 with PID 6882 (started by runner in /home/runner/work/demowebapp1121/demowebapp1121)
2026-05-05 05:25:20 DEBUG [main] c.d.u.c.UserControllerValidationTest - Running with Spring Boot v3.2.5, Spring v6.1.6
2026-05-05 05:25:20 INFO  [main] c.d.u.c.UserControllerValidationTest - No active profile set, falling back to 1 default profile: "default"
2026-05-05 05:25:20 INFO  [main] o.s.d.r.c.RepositoryConfigurationDelegate - Bootstrapping Spring Data JPA repositories in DEFAULT mode.
2026-05-05 05:25:20 INFO  [main] o.s.d.r.c.RepositoryConfigurationDelegate - Finished Spring Data repository scanning in 3 ms. Found 1 JPA repository interface.
2026-05-05 05:25:20 INFO  [main] o.h.jpa.internal.util.LogHelper - HHH000204: Processing PersistenceUnitInfo [name: default]
2026-05-05 05:25:20 INFO  [main] o.h.c.i.RegionFactoryInitiator - HHH000026: Second-level cache disabled
2026-05-05 05:25:20 INFO  [main] o.s.o.j.p.SpringPersistenceUnitInfo - No LoadTimeWeaver setup: ignoring JPA class transformer
2026-05-05 05:25:20 INFO  [main] com.zaxxer.hikari.HikariDataSource - HikariPool-11 - Starting...
2026-05-05 05:25:20 INFO  [main] com.zaxxer.hikari.pool.HikariPool - HikariPool-11 - Added connection conn100: url=jdbc:h2:mem:userdb user=SA
2026-05-05 05:25:20 INFO  [main] com.zaxxer.hikari.HikariDataSource - HikariPool-11 - Start completed.
2026-05-05 05:25:20 WARN  [main] org.hibernate.orm.deprecation - HHH90000025: H2Dialect does not need to be specified explicitly using 'hibernate.dialect' (remove the property setting and it will be selected by default)
2026-05-05 05:25:20 INFO  [main] o.h.e.t.j.p.i.JtaPlatformInitiator - HHH000489: No JTA platform available (set 'hibernate.transaction.jta.platform' to enable JTA platform integration)
2026-05-05 05:25:20 DEBUG [main] org.hibernate.SQL - 
    drop table if exists users cascade 
Hibernate: 
    drop table if exists users cascade 
2026-05-05 05:25:20 DEBUG [main] org.hibernate.SQL - 
    create table users (
        id bigint generated by default as identity,
        name varchar(100) not null,
        email varchar(255) not null unique,
        password varchar(255) not null,
        role varchar(255) not null,
        primary key (id)
    )
Hibernate: 
    create table users (
        id bigint generated by default as identity,
        name varchar(100) not null,
        email varchar(255) not null unique,
        password varchar(255) not null,
        role varchar(255) not null,
        primary key (id)
    )
2026-05-05 05:25:20 INFO  [main] o.s.o.j.LocalContainerEntityManagerFactoryBean - Initialized JPA EntityManagerFactory for persistence unit 'default'
2026-05-05 05:25:20 WARN  [main] o.s.b.a.o.j.JpaBaseConfiguration$JpaWebConfiguration - spring.jpa.open-in-view is enabled by default. Therefore, database queries may be performed during view rendering. Explicitly configure spring.jpa.open-in-view to disable this warning
2026-05-05 05:25:20 WARN  [main] c.d.u.config.SecurityConfig - Loaded hardcoded in-memory users: admin/admin123, user/password. FOR DEMO ONLY.
2026-05-05 05:25:20 INFO  [main] o.s.b.a.e.web.EndpointLinksResolver - Exposing 13 endpoint(s) beneath base path '/actuator'
2026-05-05 05:25:20 WARN  [main] c.d.u.config.SecurityConfig - INSECURE SecurityConfig loaded - CSRF disabled, all endpoints open. FOR DEMO ONLY.
2026-05-05 05:25:21 INFO  [main] o.s.s.web.DefaultSecurityFilterChain - Will secure any request with [org.springframework.security.web.session.DisableEncodeUrlFilter@17b31e55, org.springframework.security.web.context.request.async.WebAsyncManagerIntegrationFilter@74b54264, org.springframework.security.web.context.SecurityContextHolderFilter@7cd287a0, org.springframework.security.web.header.HeaderWriterFilter@62810e9f, org.springframework.web.filter.CorsFilter@4abfc82e, org.springframework.security.web.authentication.logout.LogoutFilter@24d9efd8, org.springframework.security.web.authentication.www.BasicAuthenticationFilter@35badbfc, org.springframework.security.web.savedrequest.RequestCacheAwareFilter@1a6972d, org.springframework.security.web.servletapi.SecurityContextHolderAwareRequestFilter@3657adf7, org.springframework.security.web.authentication.AnonymousAuthenticationFilter@2d7d77d3, org.springframework.security.web.access.ExceptionTranslationFilter@1e221a74, org.springframework.security.web.access.intercept.AuthorizationFilter@1db19522]
2026-05-05 05:25:21 INFO  [main] o.s.b.a.h.H2ConsoleAutoConfiguration - H2 console available at '/h2-console'. Database available at 'jdbc:h2:mem:userdb'
2026-05-05 05:25:21 INFO  [main] o.s.b.t.m.w.SpringBootMockServletContext - Initializing Spring TestDispatcherServlet ''
2026-05-05 05:25:21 INFO  [main] o.s.t.w.s.TestDispatcherServlet - Initializing Servlet ''
2026-05-05 05:25:21 INFO  [main] o.s.t.w.s.TestDispatcherServlet - Completed initialization in 0 ms
2026-05-05 05:25:21 INFO  [main] c.d.u.c.UserControllerValidationTest - Started UserControllerValidationTest in 0.683 seconds (process running for 14.921)
2026-05-05 05:25:21 WARN  [main] c.d.u.e.GlobalExceptionHandler - Type mismatch: Parameter 'id' must be of type Long
]]></system-out>
  </testcase>
  <testcase name="createUser_withDuplicateEmail_returns409" classname="com.demo.usermanagement.controller.UserControllerValidationTest" time="0.605">
    <system-out><![CDATA[2026-05-05 05:25:21 INFO  [main] o.s.o.j.LocalContainerEntityManagerFactoryBean - Closing JPA EntityManagerFactory for persistence unit 'default'
2026-05-05 05:25:21 DEBUG [main] org.hibernate.SQL - 
    drop table if exists users cascade 
Hibernate: 
    drop table if exists users cascade 
2026-05-05 05:25:21 INFO  [main] com.zaxxer.hikari.HikariDataSource - HikariPool-11 - Shutdown initiated...
2026-05-05 05:25:21 INFO  [main] com.zaxxer.hikari.HikariDataSource - HikariPool-11 - Shutdown completed.

  .   ____          _            __ _ _
 /\\ / ___'_ __ _ _(_)_ __  __ _ \ \ \ \
( ( )\___ | '_ | '_| | '_ \/ _` | \ \ \ \
 \\/  ___)| |_)| | | | | || (_| |  ) ) ) )
  '  |____| .__|_| |_|_| |_\__, | / / / /
 =========|_|==============|___/=/_/_/_/
 :: Spring Boot ::                (v3.2.5)

2026-05-05 05:25:21 INFO  [main] c.d.u.c.UserControllerValidationTest - Starting UserControllerValidationTest using Java 17.0.18 with PID 6882 (started by runner in /home/runner/work/demowebapp1121/demowebapp1121)
2026-05-05 05:25:21 DEBUG [main] c.d.u.c.UserControllerValidationTest - Running with Spring Boot v3.2.5, Spring v6.1.6
2026-05-05 05:25:21 INFO  [main] c.d.u.c.UserControllerValidationTest - No active profile set, falling back to 1 default profile: "default"
2026-05-05 05:25:21 INFO  [main] o.s.d.r.c.RepositoryConfigurationDelegate - Bootstrapping Spring Data JPA repositories in DEFAULT mode.
2026-05-05 05:25:21 INFO  [main] o.s.d.r.c.RepositoryConfigurationDelegate - Finished Spring Data repository scanning in 2 ms. Found 1 JPA repository interface.
2026-05-05 05:25:21 INFO  [main] o.h.jpa.internal.util.LogHelper - HHH000204: Processing PersistenceUnitInfo [name: default]
2026-05-05 05:25:21 INFO  [main] o.h.c.i.RegionFactoryInitiator - HHH000026: Second-level cache disabled
2026-05-05 05:25:21 INFO  [main] o.s.o.j.p.SpringPersistenceUnitInfo - No LoadTimeWeaver setup: ignoring JPA class transformer
2026-05-05 05:25:21 INFO  [main] com.zaxxer.hikari.HikariDataSource - HikariPool-12 - Starting...
2026-05-05 05:25:21 INFO  [main] com.zaxxer.hikari.pool.HikariPool - HikariPool-12 - Added connection conn110: url=jdbc:h2:mem:userdb user=SA
2026-05-05 05:25:21 INFO  [main] com.zaxxer.hikari.HikariDataSource - HikariPool-12 - Start completed.
2026-05-05 05:25:21 WARN  [main] org.hibernate.orm.deprecation - HHH90000025: H2Dialect does not need to be specified explicitly using 'hibernate.dialect' (remove the property setting and it will be selected by default)
2026-05-05 05:25:21 INFO  [main] o.h.e.t.j.p.i.JtaPlatformInitiator - HHH000489: No JTA platform available (set 'hibernate.transaction.jta.platform' to enable JTA platform integration)
2026-05-05 05:25:21 DEBUG [main] org.hibernate.SQL - 
    drop table if exists users cascade 
Hibernate: 
    drop table if exists users cascade 
2026-05-05 05:25:21 DEBUG [main] org.hibernate.SQL - 
    create table users (
        id bigint generated by default as identity,
        name varchar(100) not null,
        email varchar(255) not null unique,
        password varchar(255) not null,
        role varchar(255) not null,
        primary key (id)
    )
Hibernate: 
    create table users (
        id bigint generated by default as identity,
        name varchar(100) not null,
        email varchar(255) not null unique,
        password varchar(255) not null,
        role varchar(255) not null,
        primary key (id)
    )
2026-05-05 05:25:21 INFO  [main] o.s.o.j.LocalContainerEntityManagerFactoryBean - Initialized JPA EntityManagerFactory for persistence unit 'default'
2026-05-05 05:25:21 WARN  [main] o.s.b.a.o.j.JpaBaseConfiguration$JpaWebConfiguration - spring.jpa.open-in-view is enabled by default. Therefore, database queries may be performed during view rendering. Explicitly configure spring.jpa.open-in-view to disable this warning
2026-05-05 05:25:21 WARN  [main] c.d.u.config.SecurityConfig - Loaded hardcoded in-memory users: admin/admin123, user/password. FOR DEMO ONLY.
2026-05-05 05:25:21 INFO  [main] o.s.b.a.e.web.EndpointLinksResolver - Exposing 13 endpoint(s) beneath base path '/actuator'
2026-05-05 05:25:21 WARN  [main] c.d.u.config.SecurityConfig - INSECURE SecurityConfig loaded - CSRF disabled, all endpoints open. FOR DEMO ONLY.
2026-05-05 05:25:21 INFO  [main] o.s.s.web.DefaultSecurityFilterChain - Will secure any request with [org.springframework.security.web.session.DisableEncodeUrlFilter@524c49b2, org.springframework.security.web.context.request.async.WebAsyncManagerIntegrationFilter@6ab9bf6a, org.springframework.security.web.context.SecurityContextHolderFilter@275bd0e5, org.springframework.security.web.header.HeaderWriterFilter@a6add53, org.springframework.web.filter.CorsFilter@36be660, org.springframework.security.web.authentication.logout.LogoutFilter@5d9e0453, org.springframework.security.web.authentication.www.BasicAuthenticationFilter@1dc4b120, org.springframework.security.web.savedrequest.RequestCacheAwareFilter@ee64dac, org.springframework.security.web.servletapi.SecurityContextHolderAwareRequestFilter@2879752c, org.springframework.security.web.authentication.AnonymousAuthenticationFilter@5818c9e9, org.springframework.security.web.access.ExceptionTranslationFilter@1d486707, org.springframework.security.web.access.intercept.AuthorizationFilter@62243cb6]
2026-05-05 05:25:21 INFO  [main] o.s.b.a.h.H2ConsoleAutoConfiguration - H2 console available at '/h2-console'. Database available at 'jdbc:h2:mem:userdb'
2026-05-05 05:25:21 INFO  [main] o.s.b.t.m.w.SpringBootMockServletContext - Initializing Spring TestDispatcherServlet ''
2026-05-05 05:25:21 INFO  [main] o.s.t.w.s.TestDispatcherServlet - Initializing Servlet ''
2026-05-05 05:25:21 INFO  [main] o.s.t.w.s.TestDispatcherServlet - Completed initialization in 0 ms
2026-05-05 05:25:21 INFO  [main] c.d.u.c.UserControllerValidationTest - Started UserControllerValidationTest in 0.575 seconds (process running for 15.515)
2026-05-05 05:25:21 INFO  [main] c.d.u.controller.UserController - POST /users - Creating user: alice@example.com
2026-05-05 05:25:21 INFO  [main] c.d.u.service.UserService - Creating user with email: alice@example.com
2026-05-05 05:25:21 DEBUG [main] org.hibernate.SQL - 
    select
        u1_0.id,
        u1_0.email,
        u1_0.name,
        u1_0.password,
        u1_0.role 
    from
        users u1_0 
    where
        u1_0.email=?
Hibernate: 
    select
        u1_0.id,
        u1_0.email,
        u1_0.name,
        u1_0.password,
        u1_0.role 
    from
        users u1_0 
    where
        u1_0.email=?
2026-05-05 05:25:21 WARN  [main] c.d.u.e.GlobalExceptionHandler - Duplicate email: A user with email 'alice@example.com' already exists
]]></system-out>
  </testcase>
  <testcase name="createUser_withMalformedJson_returns400" classname="com.demo.usermanagement.controller.UserControllerValidationTest" time="0.571">
    <system-out><![CDATA[2026-05-05 05:25:21 INFO  [main] o.s.o.j.LocalContainerEntityManagerFactoryBean - Closing JPA EntityManagerFactory for persistence unit 'default'
2026-05-05 05:25:21 DEBUG [main] org.hibernate.SQL - 
    drop table if exists users cascade 
Hibernate: 
    drop table if exists users cascade 
2026-05-05 05:25:21 INFO  [main] com.zaxxer.hikari.HikariDataSource - HikariPool-12 - Shutdown initiated...
2026-05-05 05:25:21 INFO  [main] com.zaxxer.hikari.HikariDataSource - HikariPool-12 - Shutdown completed.

  .   ____          _            __ _ _
 /\\ / ___'_ __ _ _(_)_ __  __ _ \ \ \ \
( ( )\___ | '_ | '_| | '_ \/ _` | \ \ \ \
 \\/  ___)| |_)| | | | | || (_| |  ) ) ) )
  '  |____| .__|_| |_|_| |_\__, | / / / /
 =========|_|==============|___/=/_/_/_/
 :: Spring Boot ::                (v3.2.5)

2026-05-05 05:25:21 INFO  [main] c.d.u.c.UserControllerValidationTest - Starting UserControllerValidationTest using Java 17.0.18 with PID 6882 (started by runner in /home/runner/work/demowebapp1121/demowebapp1121)
2026-05-05 05:25:21 DEBUG [main] c.d.u.c.UserControllerValidationTest - Running with Spring Boot v3.2.5, Spring v6.1.6
2026-05-05 05:25:21 INFO  [main] c.d.u.c.UserControllerValidationTest - No active profile set, falling back to 1 default profile: "default"
2026-05-05 05:25:21 INFO  [main] o.s.d.r.c.RepositoryConfigurationDelegate - Bootstrapping Spring Data JPA repositories in DEFAULT mode.
2026-05-05 05:25:21 INFO  [main] o.s.d.r.c.RepositoryConfigurationDelegate - Finished Spring Data repository scanning in 2 ms. Found 1 JPA repository interface.
2026-05-05 05:25:21 INFO  [main] o.h.jpa.internal.util.LogHelper - HHH000204: Processing PersistenceUnitInfo [name: default]
2026-05-05 05:25:21 INFO  [main] o.h.c.i.RegionFactoryInitiator - HHH000026: Second-level cache disabled
2026-05-05 05:25:21 INFO  [main] o.s.o.j.p.SpringPersistenceUnitInfo - No LoadTimeWeaver setup: ignoring JPA class transformer
2026-05-05 05:25:21 INFO  [main] com.zaxxer.hikari.HikariDataSource - HikariPool-13 - Starting...
2026-05-05 05:25:21 INFO  [main] com.zaxxer.hikari.pool.HikariPool - HikariPool-13 - Added connection conn120: url=jdbc:h2:mem:userdb user=SA
2026-05-05 05:25:21 INFO  [main] com.zaxxer.hikari.HikariDataSource - HikariPool-13 - Start completed.
2026-05-05 05:25:21 WARN  [main] org.hibernate.orm.deprecation - HHH90000025: H2Dialect does not need to be specified explicitly using 'hibernate.dialect' (remove the property setting and it will be selected by default)
2026-05-05 05:25:21 INFO  [main] o.h.e.t.j.p.i.JtaPlatformInitiator - HHH000489: No JTA platform available (set 'hibernate.transaction.jta.platform' to enable JTA platform integration)
2026-05-05 05:25:21 DEBUG [main] org.hibernate.SQL - 
    drop table if exists users cascade 
Hibernate: 
    drop table if exists users cascade 
2026-05-05 05:25:21 DEBUG [main] org.hibernate.SQL - 
    create table users (
        id bigint generated by default as identity,
        name varchar(100) not null,
        email varchar(255) not null unique,
        password varchar(255) not null,
        role varchar(255) not null,
        primary key (id)
    )
Hibernate: 
    create table users (
        id bigint generated by default as identity,
        name varchar(100) not null,
        email varchar(255) not null unique,
        password varchar(255) not null,
        role varchar(255) not null,
        primary key (id)
    )
2026-05-05 05:25:21 INFO  [main] o.s.o.j.LocalContainerEntityManagerFactoryBean - Initialized JPA EntityManagerFactory for persistence unit 'default'
2026-05-05 05:25:22 WARN  [main] o.s.b.a.o.j.JpaBaseConfiguration$JpaWebConfiguration - spring.jpa.open-in-view is enabled by default. Therefore, database queries may be performed during view rendering. Explicitly configure spring.jpa.open-in-view to disable this warning
2026-05-05 05:25:22 WARN  [main] c.d.u.config.SecurityConfig - Loaded hardcoded in-memory users: admin/admin123, user/password. FOR DEMO ONLY.
2026-05-05 05:25:22 INFO  [main] o.s.b.a.e.web.EndpointLinksResolver - Exposing 13 endpoint(s) beneath base path '/actuator'
2026-05-05 05:25:22 WARN  [main] c.d.u.config.SecurityConfig - INSECURE SecurityConfig loaded - CSRF disabled, all endpoints open. FOR DEMO ONLY.
2026-05-05 05:25:22 INFO  [main] o.s.s.web.DefaultSecurityFilterChain - Will secure any request with [org.springframework.security.web.session.DisableEncodeUrlFilter@1a7f261b, org.springframework.security.web.context.request.async.WebAsyncManagerIntegrationFilter@7a7c0f3e, org.springframework.security.web.context.SecurityContextHolderFilter@2537ffe3, org.springframework.security.web.header.HeaderWriterFilter@73076bce, org.springframework.web.filter.CorsFilter@2c53437f, org.springframework.security.web.authentication.logout.LogoutFilter@6dab1af1, org.springframework.security.web.authentication.www.BasicAuthenticationFilter@166ed1a3, org.springframework.security.web.savedrequest.RequestCacheAwareFilter@483f21fd, org.springframework.security.web.servletapi.SecurityContextHolderAwareRequestFilter@12132be1, org.springframework.security.web.authentication.AnonymousAuthenticationFilter@5b856cd3, org.springframework.security.web.access.ExceptionTranslationFilter@303a089, org.springframework.security.web.access.intercept.AuthorizationFilter@61fc2745]
2026-05-05 05:25:22 INFO  [main] o.s.b.a.h.H2ConsoleAutoConfiguration - H2 console available at '/h2-console'. Database available at 'jdbc:h2:mem:userdb'
2026-05-05 05:25:22 INFO  [main] o.s.b.t.m.w.SpringBootMockServletContext - Initializing Spring TestDispatcherServlet ''
2026-05-05 05:25:22 INFO  [main] o.s.t.w.s.TestDispatcherServlet - Initializing Servlet ''
2026-05-05 05:25:22 INFO  [main] o.s.t.w.s.TestDispatcherServlet - Completed initialization in 0 ms
2026-05-05 05:25:22 INFO  [main] c.d.u.c.UserControllerValidationTest - Started UserControllerValidationTest in 0.553 seconds (process running for 16.099)
2026-05-05 05:25:22 WARN  [main] c.d.u.e.GlobalExceptionHandler - Malformed request body: JSON parse error: Unexpected character ('t' (code 116)): was expecting double-quote to start field name
]]></system-out>
  </testcase>
</testsuite>